2025-10-18 23:37:10,285Z | INFO | Logging initialized. Log file: /depot/sbagchi/data/josh/RL/FindAndDefeatZerglings/logs/20251019_033706_E1_seed4.log
2025-10-18 23:37:10,285Z | INFO | Run starting. Saving effective config and env snapshot.
2025-10-18 23:37:10,285Z | INFO | DoubleDQN: True; Scheduler: cosine (T_max=300, min_lr=1e-06)
2025-10-18 23:37:10,288Z | INFO | Config saved to /depot/sbagchi/data/josh/RL/FindAndDefeatZerglings/results_split_advanced/20251019_033706_E1_seed4/config.json
2025-10-18 23:37:12,326Z | INFO | Preallocating optimizer state to avoid OOM...
2025-10-18 23:37:12,825Z | INFO | Optimizer state preallocation complete.
2025-10-18 23:37:12,826Z | INFO | No checkpoint found at /depot/sbagchi/data/josh/RL/FindAndDefeatZerglings/results_split_advanced/20251019_033706_E1_seed4/model_ep300.pth; starting training from scratch.
2025-10-18 23:37:12,826Z | INFO | Training for 300 episodes on device: cuda...
2025-10-18 23:37:12,828Z | INFO | Launching SC2: /home/jmckerra/StarCraftII/Versions/Base75689/SC2_x64 -listen 127.0.0.1 -port 35889 -dataDir /home/jmckerra/StarCraftII/ -tempDir /tmp/sc-vugsuwvs/
2025-10-18 23:37:13,130Z | INFO | Connecting to: ws://127.0.0.1:35889/sc2api, attempt: 0, running: True
2025-10-18 23:37:14,134Z | INFO | Connecting to: ws://127.0.0.1:35889/sc2api, attempt: 1, running: True
2025-10-18 23:37:15,136Z | INFO | Connecting to: ws://127.0.0.1:35889/sc2api, attempt: 2, running: True
2025-10-18 23:37:20,283Z | INFO | Environment is ready
2025-10-18 23:37:20,285Z | INFO | Starting episode 1: [terran, zerg] on FindAndDefeatZerglings
2025-10-18 23:37:21,965Z | INFO | Episode 1 finished after 1600 game steps. Outcome: [-1], reward: [-1], score: [5]
2025-10-18 23:37:21,987Z | INFO | Starting episode 2: [terran, zerg] on FindAndDefeatZerglings
2025-10-18 23:37:23,886Z | INFO | Episode 2 finished after 2256 game steps. Outcome: [-1], reward: [-1], score: [5]
2025-10-18 23:37:23,914Z | INFO | Starting episode 3: [terran, zerg] on FindAndDefeatZerglings
2025-10-18 23:37:26,384Z | INFO | Episode 3 finished after 2880 game steps. Outcome: [1], reward: [0], score: [11]
2025-10-18 23:37:26,409Z | INFO | Starting episode 4: [terran, zerg] on FindAndDefeatZerglings
2025-10-18 23:37:28,782Z | INFO | Episode 4 finished after 2880 game steps. Outcome: [1], reward: [0], score: [14]
2025-10-18 23:37:28,805Z | INFO | Starting episode 5: [terran, zerg] on FindAndDefeatZerglings
2025-10-18 23:37:31,072Z | INFO | Episode 5 finished after 2880 game steps. Outcome: [1], reward: [0], score: [9]
2025-10-18 23:37:31,101Z | INFO | Starting episode 6: [terran, zerg] on FindAndDefeatZerglings
2025-10-18 23:37:32,378Z | INFO | Episode 6 finished after 1584 game steps. Outcome: [-1], reward: [-1], score: [5]
2025-10-18 23:37:32,402Z | INFO | Starting episode 7: [terran, zerg] on FindAndDefeatZerglings
2025-10-18 23:37:34,812Z | INFO | Episode 7 finished after 2880 game steps. Outcome: [1], reward: [0], score: [11]
2025-10-18 23:37:34,839Z | INFO | Starting episode 8: [terran, zerg] on FindAndDefeatZerglings
2025-10-18 23:37:37,224Z | INFO | Episode 8 finished after 2880 game steps. Outcome: [1], reward: [0], score: [9]
2025-10-18 23:37:37,254Z | INFO | Starting episode 9: [terran, zerg] on FindAndDefeatZerglings
2025-10-18 23:37:37,941Z | INFO | Episode 9 finished after 832 game steps. Outcome: [-1], reward: [-1], score: [2]
2025-10-18 23:37:37,967Z | INFO | Starting episode 10: [terran, zerg] on FindAndDefeatZerglings
2025-10-18 23:37:40,278Z | INFO | Episode 10 finished after 2880 game steps. Outcome: [1], reward: [0], score: [6]
2025-10-18 23:37:40,301Z | INFO | Starting episode 11: [terran, zerg] on FindAndDefeatZerglings
2025-10-18 23:37:42,694Z | INFO | Episode 11 finished after 2880 game steps. Outcome: [1], reward: [0], score: [12]
2025-10-18 23:37:42,722Z | INFO | Starting episode 12: [terran, zerg] on FindAndDefeatZerglings
2025-10-18 23:37:45,136Z | INFO | Episode 12 finished after 2880 game steps. Outcome: [1], reward: [0], score: [10]
2025-10-18 23:37:45,160Z | INFO | Starting episode 13: [terran, zerg] on FindAndDefeatZerglings
2025-10-18 23:37:47,503Z | INFO | Episode 13 finished after 2880 game steps. Outcome: [1], reward: [0], score: [11]
2025-10-18 23:37:47,528Z | INFO | Starting episode 14: [terran, zerg] on FindAndDefeatZerglings
2025-10-18 23:37:49,872Z | INFO | Episode 14 finished after 2880 game steps. Outcome: [1], reward: [0], score: [9]
2025-10-18 23:37:49,896Z | INFO | Starting episode 15: [terran, zerg] on FindAndDefeatZerglings
2025-10-18 23:37:52,270Z | INFO | Episode 15 finished after 2880 game steps. Outcome: [1], reward: [0], score: [10]
2025-10-18 23:37:52,310Z | INFO | Starting episode 16: [terran, zerg] on FindAndDefeatZerglings
2025-10-18 23:37:53,976Z | INFO | Episode 16 finished after 2016 game steps. Outcome: [-1], reward: [-1], score: [7]
2025-10-18 23:37:54,005Z | INFO | Starting episode 17: [terran, zerg] on FindAndDefeatZerglings
2025-10-18 23:37:56,371Z | INFO | Episode 17 finished after 2880 game steps. Outcome: [1], reward: [0], score: [7]
2025-10-18 23:37:56,395Z | INFO | Starting episode 18: [terran, zerg] on FindAndDefeatZerglings
2025-10-18 23:37:57,451Z | INFO | Episode 18 finished after 1280 game steps. Outcome: [-1], reward: [-1], score: [4]
2025-10-18 23:37:57,472Z | INFO | Starting episode 19: [terran, zerg] on FindAndDefeatZerglings
2025-10-18 23:37:59,843Z | INFO | Episode 19 finished after 2880 game steps. Outcome: [1], reward: [0], score: [9]
2025-10-18 23:37:59,874Z | INFO | Starting episode 20: [terran, zerg] on FindAndDefeatZerglings
2025-10-18 23:38:01,267Z | INFO | Episode 20 finished after 1664 game steps. Outcome: [-1], reward: [-1], score: [4]
2025-10-18 23:38:01,293Z | INFO | Starting episode 21: [terran, zerg] on FindAndDefeatZerglings
2025-10-18 23:38:03,670Z | INFO | Episode 21 finished after 2880 game steps. Outcome: [1], reward: [0], score: [11]
2025-10-18 23:38:03,693Z | INFO | Starting episode 22: [terran, zerg] on FindAndDefeatZerglings
2025-10-18 23:38:06,028Z | INFO | Episode 22 finished after 2880 game steps. Outcome: [1], reward: [0], score: [8]
2025-10-18 23:38:06,051Z | INFO | Starting episode 23: [terran, zerg] on FindAndDefeatZerglings
2025-10-18 23:38:08,404Z | INFO | Episode 23 finished after 2880 game steps. Outcome: [1], reward: [0], score: [13]
2025-10-18 23:38:08,427Z | INFO | Starting episode 24: [terran, zerg] on FindAndDefeatZerglings
2025-10-18 23:38:10,002Z | INFO | Episode 24 finished after 1936 game steps. Outcome: [-1], reward: [-1], score: [8]
2025-10-18 23:38:10,024Z | INFO | Starting episode 25: [terran, zerg] on FindAndDefeatZerglings
2025-10-18 23:38:12,391Z | INFO | Episode 25 finished after 2880 game steps. Outcome: [1], reward: [0], score: [9]
2025-10-18 23:38:12,413Z | INFO | Starting episode 26: [terran, zerg] on FindAndDefeatZerglings
2025-10-18 23:38:14,758Z | INFO | Episode 26 finished after 2880 game steps. Outcome: [1], reward: [0], score: [10]
2025-10-18 23:38:14,780Z | INFO | Starting episode 27: [terran, zerg] on FindAndDefeatZerglings
2025-10-18 23:38:15,968Z | INFO | Episode 27 finished after 1456 game steps. Outcome: [-1], reward: [-1], score: [2]
2025-10-18 23:38:15,995Z | INFO | Starting episode 28: [terran, zerg] on FindAndDefeatZerglings
2025-10-18 23:38:18,366Z | INFO | Episode 28 finished after 2880 game steps. Outcome: [1], reward: [0], score: [13]
2025-10-18 23:38:18,390Z | INFO | Starting episode 29: [terran, zerg] on FindAndDefeatZerglings
2025-10-18 23:38:20,714Z | INFO | Episode 29 finished after 2880 game steps. Outcome: [1], reward: [0], score: [9]
2025-10-18 23:38:20,737Z | INFO | Starting episode 30: [terran, zerg] on FindAndDefeatZerglings
2025-10-18 23:38:23,084Z | INFO | Episode 30 finished after 2880 game steps. Outcome: [1], reward: [0], score: [11]
2025-10-18 23:38:23,107Z | INFO | Starting episode 31: [terran, zerg] on FindAndDefeatZerglings
2025-10-18 23:38:25,448Z | INFO | Episode 31 finished after 2880 game steps. Outcome: [1], reward: [0], score: [12]
2025-10-18 23:38:25,476Z | INFO | Starting episode 32: [terran, zerg] on FindAndDefeatZerglings
2025-10-18 23:38:27,157Z | INFO | Episode 32 finished after 2048 game steps. Outcome: [-1], reward: [-1], score: [6]
2025-10-18 23:38:27,180Z | INFO | Starting episode 33: [terran, zerg] on FindAndDefeatZerglings
2025-10-18 23:38:29,487Z | INFO | Episode 33 finished after 2880 game steps. Outcome: [1], reward: [0], score: [9]
2025-10-18 23:38:29,510Z | INFO | Starting episode 34: [terran, zerg] on FindAndDefeatZerglings
2025-10-18 23:38:31,846Z | INFO | Episode 34 finished after 2880 game steps. Outcome: [1], reward: [0], score: [12]
2025-10-18 23:38:31,868Z | INFO | Starting episode 35: [terran, zerg] on FindAndDefeatZerglings
2025-10-18 23:38:34,211Z | INFO | Episode 35 finished after 2880 game steps. Outcome: [1], reward: [0], score: [12]
2025-10-18 23:38:34,234Z | INFO | Starting episode 36: [terran, zerg] on FindAndDefeatZerglings
2025-10-18 23:38:36,565Z | INFO | Episode 36 finished after 2880 game steps. Outcome: [1], reward: [0], score: [12]
2025-10-18 23:38:36,587Z | INFO | Starting episode 37: [terran, zerg] on FindAndDefeatZerglings
2025-10-18 23:38:38,912Z | INFO | Episode 37 finished after 2880 game steps. Outcome: [1], reward: [0], score: [9]
2025-10-18 23:38:38,934Z | INFO | Starting episode 38: [terran, zerg] on FindAndDefeatZerglings
2025-10-18 23:38:39,645Z | INFO | Episode 38 finished after 848 game steps. Outcome: [-1], reward: [-2], score: [4]
2025-10-18 23:38:39,666Z | INFO | Starting episode 39: [terran, zerg] on FindAndDefeatZerglings
2025-10-18 23:38:41,997Z | INFO | Episode 39 finished after 2880 game steps. Outcome: [1], reward: [0], score: [11]
2025-10-18 23:38:42,018Z | INFO | Starting episode 40: [terran, zerg] on FindAndDefeatZerglings
2025-10-18 23:38:44,346Z | INFO | Episode 40 finished after 2880 game steps. Outcome: [1], reward: [0], score: [11]
2025-10-18 23:38:44,368Z | INFO | Starting episode 41: [terran, zerg] on FindAndDefeatZerglings
2025-10-18 23:38:46,701Z | INFO | Episode 41 finished after 2880 game steps. Outcome: [1], reward: [0], score: [15]
2025-10-18 23:38:46,722Z | INFO | Starting episode 42: [terran, zerg] on FindAndDefeatZerglings
2025-10-18 23:38:49,047Z | INFO | Episode 42 finished after 2880 game steps. Outcome: [1], reward: [0], score: [9]
2025-10-18 23:38:49,069Z | INFO | Starting episode 43: [terran, zerg] on FindAndDefeatZerglings
2025-10-18 23:38:50,103Z | INFO | Episode 43 finished after 1264 game steps. Outcome: [-1], reward: [-1], score: [3]
2025-10-18 23:38:50,124Z | INFO | Starting episode 44: [terran, zerg] on FindAndDefeatZerglings
2025-10-18 23:38:51,370Z | INFO | Episode 44 finished after 1520 game steps. Outcome: [-1], reward: [-1], score: [5]
2025-10-18 23:38:51,392Z | INFO | Starting episode 45: [terran, zerg] on FindAndDefeatZerglings
2025-10-18 23:38:53,057Z | INFO | Episode 45 finished after 2048 game steps. Outcome: [-1], reward: [-1], score: [8]
2025-10-18 23:38:53,083Z | INFO | Starting episode 46: [terran, zerg] on FindAndDefeatZerglings
2025-10-18 23:38:54,154Z | INFO | Episode 46 finished after 1296 game steps. Outcome: [-1], reward: [-1], score: [3]
2025-10-18 23:38:54,175Z | INFO | Starting episode 47: [terran, zerg] on FindAndDefeatZerglings
2025-10-18 23:38:56,546Z | INFO | Episode 47 finished after 2880 game steps. Outcome: [1], reward: [0], score: [11]
2025-10-18 23:38:56,569Z | INFO | Starting episode 48: [terran, zerg] on FindAndDefeatZerglings
2025-10-18 23:38:57,577Z | INFO | Episode 48 finished after 1216 game steps. Outcome: [-1], reward: [-1], score: [6]
2025-10-18 23:38:57,599Z | INFO | Starting episode 49: [terran, zerg] on FindAndDefeatZerglings
2025-10-18 23:38:59,941Z | INFO | Episode 49 finished after 2880 game steps. Outcome: [1], reward: [0], score: [11]
2025-10-18 23:38:59,962Z | INFO | Starting episode 50: [terran, zerg] on FindAndDefeatZerglings
2025-10-18 23:39:01,158Z | INFO | Episode 50 finished after 1456 game steps. Outcome: [-1], reward: [-1], score: [5]
2025-10-18 23:39:01,167Z | INFO | Ep 50: reward=399.91 avg_loss=0.3841 wins=0
2025-10-18 23:39:01,180Z | INFO | Starting episode 51: [terran, zerg] on FindAndDefeatZerglings
2025-10-18 23:39:03,108Z | INFO | Episode 51 finished after 2352 game steps. Outcome: [-1], reward: [-1], score: [6]
2025-10-18 23:39:03,130Z | INFO | Starting episode 52: [terran, zerg] on FindAndDefeatZerglings
2025-10-18 23:39:05,492Z | INFO | Episode 52 finished after 2880 game steps. Outcome: [1], reward: [0], score: [6]
2025-10-18 23:39:05,514Z | INFO | Starting episode 53: [terran, zerg] on FindAndDefeatZerglings
2025-10-18 23:39:07,882Z | INFO | Episode 53 finished after 2880 game steps. Outcome: [1], reward: [0], score: [10]
2025-10-18 23:39:07,909Z | INFO | Starting episode 54: [terran, zerg] on FindAndDefeatZerglings
2025-10-18 23:39:10,248Z | INFO | Episode 54 finished after 2880 game steps. Outcome: [1], reward: [0], score: [10]
2025-10-18 23:39:10,270Z | INFO | Starting episode 55: [terran, zerg] on FindAndDefeatZerglings
2025-10-18 23:39:12,587Z | INFO | Episode 55 finished after 2880 game steps. Outcome: [1], reward: [0], score: [15]
2025-10-18 23:39:12,610Z | INFO | Starting episode 56: [terran, zerg] on FindAndDefeatZerglings
2025-10-18 23:39:14,937Z | INFO | Episode 56 finished after 2880 game steps. Outcome: [1], reward: [0], score: [11]
2025-10-18 23:39:14,958Z | INFO | Starting episode 57: [terran, zerg] on FindAndDefeatZerglings
2025-10-18 23:39:17,317Z | INFO | Episode 57 finished after 2880 game steps. Outcome: [1], reward: [0], score: [14]
2025-10-18 23:39:17,339Z | INFO | Starting episode 58: [terran, zerg] on FindAndDefeatZerglings
2025-10-18 23:39:19,666Z | INFO | Episode 58 finished after 2880 game steps. Outcome: [1], reward: [0], score: [8]
2025-10-18 23:39:19,687Z | INFO | Starting episode 59: [terran, zerg] on FindAndDefeatZerglings
2025-10-18 23:39:22,036Z | INFO | Episode 59 finished after 2880 game steps. Outcome: [1], reward: [0], score: [11]
2025-10-18 23:39:22,058Z | INFO | Starting episode 60: [terran, zerg] on FindAndDefeatZerglings
2025-10-18 23:39:23,379Z | INFO | Episode 60 finished after 1616 game steps. Outcome: [-1], reward: [-1], score: [7]
2025-10-18 23:39:23,401Z | INFO | Starting episode 61: [terran, zerg] on FindAndDefeatZerglings
2025-10-18 23:39:25,733Z | INFO | Episode 61 finished after 2880 game steps. Outcome: [1], reward: [0], score: [9]
2025-10-18 23:39:25,754Z | INFO | Starting episode 62: [terran, zerg] on FindAndDefeatZerglings
2025-10-18 23:39:26,303Z | INFO | Episode 62 finished after 656 game steps. Outcome: [-1], reward: [-1], score: [2]
2025-10-18 23:39:26,325Z | INFO | Starting episode 63: [terran, zerg] on FindAndDefeatZerglings
2025-10-18 23:39:27,100Z | INFO | Episode 63 finished after 960 game steps. Outcome: [-1], reward: [-1], score: [1]
2025-10-18 23:39:27,121Z | INFO | Starting episode 64: [terran, zerg] on FindAndDefeatZerglings
2025-10-18 23:39:29,463Z | INFO | Episode 64 finished after 2880 game steps. Outcome: [1], reward: [0], score: [5]
2025-10-18 23:39:29,486Z | INFO | Starting episode 65: [terran, zerg] on FindAndDefeatZerglings
2025-10-18 23:39:30,399Z | INFO | Episode 65 finished after 1104 game steps. Outcome: [-1], reward: [-1], score: [1]
2025-10-18 23:39:30,420Z | INFO | Starting episode 66: [terran, zerg] on FindAndDefeatZerglings
2025-10-18 23:39:32,785Z | INFO | Episode 66 finished after 2880 game steps. Outcome: [1], reward: [0], score: [9]
2025-10-18 23:39:32,807Z | INFO | Starting episode 67: [terran, zerg] on FindAndDefeatZerglings
2025-10-18 23:39:35,135Z | INFO | Episode 67 finished after 2880 game steps. Outcome: [1], reward: [0], score: [6]
2025-10-18 23:39:35,157Z | INFO | Starting episode 68: [terran, zerg] on FindAndDefeatZerglings
2025-10-18 23:39:37,496Z | INFO | Episode 68 finished after 2880 game steps. Outcome: [1], reward: [0], score: [9]
2025-10-18 23:39:37,518Z | INFO | Starting episode 69: [terran, zerg] on FindAndDefeatZerglings
2025-10-18 23:39:39,865Z | INFO | Episode 69 finished after 2880 game steps. Outcome: [1], reward: [0], score: [10]
2025-10-18 23:39:39,886Z | INFO | Starting episode 70: [terran, zerg] on FindAndDefeatZerglings
2025-10-18 23:39:42,235Z | INFO | Episode 70 finished after 2880 game steps. Outcome: [1], reward: [0], score: [7]
2025-10-18 23:39:42,257Z | INFO | Starting episode 71: [terran, zerg] on FindAndDefeatZerglings
2025-10-18 23:39:44,512Z | INFO | Episode 71 finished after 2752 game steps. Outcome: [-1], reward: [-1], score: [7]
2025-10-18 23:39:44,533Z | INFO | Starting episode 72: [terran, zerg] on FindAndDefeatZerglings
2025-10-18 23:39:46,897Z | INFO | Episode 72 finished after 2880 game steps. Outcome: [1], reward: [0], score: [10]
2025-10-18 23:39:46,918Z | INFO | Starting episode 73: [terran, zerg] on FindAndDefeatZerglings
2025-10-18 23:39:49,271Z | INFO | Episode 73 finished after 2880 game steps. Outcome: [1], reward: [0], score: [5]
2025-10-18 23:39:49,298Z | INFO | Starting episode 74: [terran, zerg] on FindAndDefeatZerglings
2025-10-18 23:39:50,828Z | INFO | Episode 74 finished after 1840 game steps. Outcome: [-1], reward: [-1], score: [6]
2025-10-18 23:39:50,850Z | INFO | Starting episode 75: [terran, zerg] on FindAndDefeatZerglings
2025-10-18 23:39:53,189Z | INFO | Episode 75 finished after 2880 game steps. Outcome: [1], reward: [0], score: [6]
2025-10-18 23:39:53,212Z | INFO | Starting episode 76: [terran, zerg] on FindAndDefeatZerglings
2025-10-18 23:39:54,163Z | INFO | Episode 76 finished after 1136 game steps. Outcome: [-1], reward: [-1], score: [5]
2025-10-18 23:39:54,184Z | INFO | Starting episode 77: [terran, zerg] on FindAndDefeatZerglings
2025-10-18 23:39:56,525Z | INFO | Episode 77 finished after 2880 game steps. Outcome: [1], reward: [0], score: [9]
2025-10-18 23:39:56,546Z | INFO | Starting episode 78: [terran, zerg] on FindAndDefeatZerglings
2025-10-18 23:39:58,207Z | INFO | Episode 78 finished after 2032 game steps. Outcome: [-1], reward: [-1], score: [6]
2025-10-18 23:39:58,229Z | INFO | Starting episode 79: [terran, zerg] on FindAndDefeatZerglings
2025-10-18 23:40:00,574Z | INFO | Episode 79 finished after 2880 game steps. Outcome: [1], reward: [0], score: [8]
2025-10-18 23:40:00,597Z | INFO | Starting episode 80: [terran, zerg] on FindAndDefeatZerglings
2025-10-18 23:40:02,122Z | INFO | Episode 80 finished after 1872 game steps. Outcome: [-1], reward: [-1], score: [0]
2025-10-18 23:40:02,144Z | INFO | Starting episode 81: [terran, zerg] on FindAndDefeatZerglings
2025-10-18 23:40:04,406Z | INFO | Episode 81 finished after 2784 game steps. Outcome: [-1], reward: [-1], score: [7]
2025-10-18 23:40:04,427Z | INFO | Starting episode 82: [terran, zerg] on FindAndDefeatZerglings
2025-10-18 23:40:06,099Z | INFO | Episode 82 finished after 1952 game steps. Outcome: [-1], reward: [-1], score: [8]
2025-10-18 23:40:06,145Z | INFO | Starting episode 83: [terran, zerg] on FindAndDefeatZerglings
2025-10-18 23:40:08,426Z | INFO | Episode 83 finished after 2672 game steps. Outcome: [-1], reward: [-1], score: [8]
2025-10-18 23:40:08,451Z | INFO | Starting episode 84: [terran, zerg] on FindAndDefeatZerglings
2025-10-18 23:40:10,899Z | INFO | Episode 84 finished after 2880 game steps. Outcome: [1], reward: [0], score: [10]
2025-10-18 23:40:10,923Z | INFO | Starting episode 85: [terran, zerg] on FindAndDefeatZerglings
2025-10-18 23:40:13,329Z | INFO | Episode 85 finished after 2880 game steps. Outcome: [1], reward: [0], score: [9]
2025-10-18 23:40:13,352Z | INFO | Starting episode 86: [terran, zerg] on FindAndDefeatZerglings
2025-10-18 23:40:15,738Z | INFO | Episode 86 finished after 2880 game steps. Outcome: [1], reward: [0], score: [12]
2025-10-18 23:40:15,762Z | INFO | Starting episode 87: [terran, zerg] on FindAndDefeatZerglings
2025-10-18 23:40:18,154Z | INFO | Episode 87 finished after 2880 game steps. Outcome: [1], reward: [0], score: [13]
2025-10-18 23:40:18,178Z | INFO | Starting episode 88: [terran, zerg] on FindAndDefeatZerglings
2025-10-18 23:40:18,842Z | INFO | Episode 88 finished after 784 game steps. Outcome: [-1], reward: [-1], score: [0]
2025-10-18 23:40:18,864Z | INFO | Starting episode 89: [terran, zerg] on FindAndDefeatZerglings
2025-10-18 23:40:20,132Z | INFO | Episode 89 finished after 1504 game steps. Outcome: [-1], reward: [-1], score: [3]
2025-10-18 23:40:20,154Z | INFO | Starting episode 90: [terran, zerg] on FindAndDefeatZerglings
2025-10-18 23:40:22,521Z | INFO | Episode 90 finished after 2880 game steps. Outcome: [1], reward: [0], score: [11]
2025-10-18 23:40:22,544Z | INFO | Starting episode 91: [terran, zerg] on FindAndDefeatZerglings
2025-10-18 23:40:24,926Z | INFO | Episode 91 finished after 2880 game steps. Outcome: [1], reward: [0], score: [12]
2025-10-18 23:40:24,949Z | INFO | Starting episode 92: [terran, zerg] on FindAndDefeatZerglings
2025-10-18 23:40:27,322Z | INFO | Episode 92 finished after 2880 game steps. Outcome: [1], reward: [0], score: [13]
2025-10-18 23:40:27,345Z | INFO | Starting episode 93: [terran, zerg] on FindAndDefeatZerglings
2025-10-18 23:40:29,772Z | INFO | Episode 93 finished after 2880 game steps. Outcome: [1], reward: [0], score: [15]
2025-10-18 23:40:29,794Z | INFO | Starting episode 94: [terran, zerg] on FindAndDefeatZerglings
2025-10-18 23:40:31,848Z | INFO | Episode 94 finished after 2464 game steps. Outcome: [-1], reward: [-1], score: [9]
2025-10-18 23:40:31,879Z | INFO | Starting episode 95: [terran, zerg] on FindAndDefeatZerglings
2025-10-18 23:40:34,279Z | INFO | Episode 95 finished after 2880 game steps. Outcome: [1], reward: [0], score: [8]
2025-10-18 23:40:34,302Z | INFO | Starting episode 96: [terran, zerg] on FindAndDefeatZerglings
2025-10-18 23:40:36,686Z | INFO | Episode 96 finished after 2880 game steps. Outcome: [1], reward: [0], score: [9]
2025-10-18 23:40:36,709Z | INFO | Starting episode 97: [terran, zerg] on FindAndDefeatZerglings
2025-10-18 23:40:38,384Z | INFO | Episode 97 finished after 2000 game steps. Outcome: [-1], reward: [-1], score: [7]
2025-10-18 23:40:38,423Z | INFO | Starting episode 98: [terran, zerg] on FindAndDefeatZerglings
2025-10-18 23:40:40,783Z | INFO | Episode 98 finished after 2880 game steps. Outcome: [1], reward: [0], score: [6]
2025-10-18 23:40:40,806Z | INFO | Starting episode 99: [terran, zerg] on FindAndDefeatZerglings
2025-10-18 23:40:42,896Z | INFO | Episode 99 finished after 2544 game steps. Outcome: [-1], reward: [-1], score: [8]
2025-10-18 23:40:42,919Z | INFO | Starting episode 100: [terran, zerg] on FindAndDefeatZerglings
2025-10-18 23:40:45,519Z | INFO | Episode 100 finished after 2880 game steps. Outcome: [1], reward: [0], score: [10]
2025-10-18 23:40:45,528Z | INFO | Ep 100: reward=499.82 avg_loss=0.5025 wins=0
2025-10-18 23:40:45,528Z | INFO | LR scheduler step: episode=100, lr=3.775000e-05
2025-10-18 23:40:46,072Z | INFO | Starting episode 101: [terran, zerg] on FindAndDefeatZerglings
2025-10-18 23:40:48,508Z | INFO | Episode 101 finished after 2880 game steps. Outcome: [1], reward: [0], score: [7]
2025-10-18 23:40:48,529Z | INFO | Starting episode 102: [terran, zerg] on FindAndDefeatZerglings
2025-10-18 23:40:50,944Z | INFO | Episode 102 finished after 2880 game steps. Outcome: [1], reward: [0], score: [7]
2025-10-18 23:40:50,966Z | INFO | Starting episode 103: [terran, zerg] on FindAndDefeatZerglings
2025-10-18 23:40:53,379Z | INFO | Episode 103 finished after 2880 game steps. Outcome: [1], reward: [0], score: [10]
2025-10-18 23:40:53,401Z | INFO | Starting episode 104: [terran, zerg] on FindAndDefeatZerglings
2025-10-18 23:40:55,821Z | INFO | Episode 104 finished after 2880 game steps. Outcome: [1], reward: [0], score: [12]
2025-10-18 23:40:55,843Z | INFO | Starting episode 105: [terran, zerg] on FindAndDefeatZerglings
2025-10-18 23:40:57,241Z | INFO | Episode 105 finished after 1616 game steps. Outcome: [-1], reward: [-2], score: [7]
2025-10-18 23:40:57,263Z | INFO | Starting episode 106: [terran, zerg] on FindAndDefeatZerglings
2025-10-18 23:40:59,240Z | INFO | Episode 106 finished after 2368 game steps. Outcome: [-1], reward: [-1], score: [9]
2025-10-18 23:41:02,027Z | INFO | Starting episode 107: [terran, zerg] on FindAndDefeatZerglings
2025-10-18 23:41:03,347Z | INFO | Episode 107 finished after 1296 game steps. Outcome: [-1], reward: [-1], score: [3]
2025-10-18 23:41:03,374Z | INFO | Starting episode 108: [terran, zerg] on FindAndDefeatZerglings
2025-10-18 23:41:06,007Z | INFO | Episode 108 finished after 2880 game steps. Outcome: [1], reward: [0], score: [13]
2025-10-18 23:41:06,033Z | INFO | Starting episode 109: [terran, zerg] on FindAndDefeatZerglings
2025-10-18 23:41:07,731Z | INFO | Episode 109 finished after 1984 game steps. Outcome: [-1], reward: [-1], score: [5]
2025-10-18 23:41:07,754Z | INFO | Starting episode 110: [terran, zerg] on FindAndDefeatZerglings
2025-10-18 23:41:09,389Z | INFO | Episode 110 finished after 1856 game steps. Outcome: [-1], reward: [-1], score: [6]
2025-10-18 23:41:09,427Z | INFO | Starting episode 111: [terran, zerg] on FindAndDefeatZerglings
2025-10-18 23:41:10,765Z | INFO | Episode 111 finished after 1536 game steps. Outcome: [-1], reward: [-1], score: [5]
2025-10-18 23:41:10,792Z | INFO | Starting episode 112: [terran, zerg] on FindAndDefeatZerglings
2025-10-18 23:41:13,249Z | INFO | Episode 112 finished after 2880 game steps. Outcome: [1], reward: [0], score: [5]
2025-10-18 23:41:13,273Z | INFO | Starting episode 113: [terran, zerg] on FindAndDefeatZerglings
2025-10-18 23:41:14,007Z | INFO | Episode 113 finished after 848 game steps. Outcome: [-1], reward: [-1], score: [3]
2025-10-18 23:41:14,029Z | INFO | Starting episode 114: [terran, zerg] on FindAndDefeatZerglings
2025-10-18 23:41:16,464Z | INFO | Episode 114 finished after 2880 game steps. Outcome: [1], reward: [0], score: [14]
2025-10-18 23:41:16,486Z | INFO | Starting episode 115: [terran, zerg] on FindAndDefeatZerglings
2025-10-18 23:41:18,384Z | INFO | Episode 115 finished after 2208 game steps. Outcome: [-1], reward: [-1], score: [5]
2025-10-18 23:41:18,406Z | INFO | Starting episode 116: [terran, zerg] on FindAndDefeatZerglings
2025-10-18 23:41:20,833Z | INFO | Episode 116 finished after 2880 game steps. Outcome: [1], reward: [0], score: [13]
2025-10-18 23:41:20,856Z | INFO | Starting episode 117: [terran, zerg] on FindAndDefeatZerglings
2025-10-18 23:41:22,295Z | INFO | Episode 117 finished after 1728 game steps. Outcome: [-1], reward: [-1], score: [2]
2025-10-18 23:41:22,320Z | INFO | Starting episode 118: [terran, zerg] on FindAndDefeatZerglings
2025-10-18 23:41:24,751Z | INFO | Episode 118 finished after 2880 game steps. Outcome: [1], reward: [0], score: [7]
2025-10-18 23:41:24,780Z | INFO | Starting episode 119: [terran, zerg] on FindAndDefeatZerglings
2025-10-18 23:41:27,195Z | INFO | Episode 119 finished after 2880 game steps. Outcome: [1], reward: [0], score: [6]
2025-10-18 23:41:27,219Z | INFO | Starting episode 120: [terran, zerg] on FindAndDefeatZerglings
2025-10-18 23:41:29,653Z | INFO | Episode 120 finished after 2880 game steps. Outcome: [1], reward: [0], score: [7]
2025-10-18 23:41:29,676Z | INFO | Starting episode 121: [terran, zerg] on FindAndDefeatZerglings
2025-10-18 23:41:31,380Z | INFO | Episode 121 finished after 2032 game steps. Outcome: [-1], reward: [-1], score: [4]
2025-10-18 23:41:31,402Z | INFO | Starting episode 122: [terran, zerg] on FindAndDefeatZerglings
2025-10-18 23:41:33,830Z | INFO | Episode 122 finished after 2880 game steps. Outcome: [1], reward: [-1], score: [8]
2025-10-18 23:41:33,857Z | INFO | Starting episode 123: [terran, zerg] on FindAndDefeatZerglings
2025-10-18 23:41:36,316Z | INFO | Episode 123 finished after 2880 game steps. Outcome: [1], reward: [0], score: [10]
2025-10-18 23:41:36,340Z | INFO | Starting episode 124: [terran, zerg] on FindAndDefeatZerglings
2025-10-18 23:41:38,747Z | INFO | Episode 124 finished after 2880 game steps. Outcome: [1], reward: [0], score: [10]
2025-10-18 23:41:38,770Z | INFO | Starting episode 125: [terran, zerg] on FindAndDefeatZerglings
2025-10-18 23:41:41,163Z | INFO | Episode 125 finished after 2880 game steps. Outcome: [1], reward: [0], score: [9]
2025-10-18 23:41:41,185Z | INFO | Starting episode 126: [terran, zerg] on FindAndDefeatZerglings
2025-10-18 23:41:43,729Z | INFO | Episode 126 finished after 2880 game steps. Outcome: [1], reward: [0], score: [8]
2025-10-18 23:41:43,753Z | INFO | Starting episode 127: [terran, zerg] on FindAndDefeatZerglings
2025-10-18 23:41:46,244Z | INFO | Episode 127 finished after 2880 game steps. Outcome: [1], reward: [0], score: [8]
2025-10-18 23:41:46,266Z | INFO | Starting episode 128: [terran, zerg] on FindAndDefeatZerglings
2025-10-18 23:41:48,742Z | INFO | Episode 128 finished after 2880 game steps. Outcome: [1], reward: [0], score: [9]
2025-10-18 23:41:48,765Z | INFO | Starting episode 129: [terran, zerg] on FindAndDefeatZerglings
2025-10-18 23:41:51,209Z | INFO | Episode 129 finished after 2880 game steps. Outcome: [1], reward: [0], score: [8]
2025-10-18 23:41:51,231Z | INFO | Starting episode 130: [terran, zerg] on FindAndDefeatZerglings
2025-10-18 23:41:53,049Z | INFO | Episode 130 finished after 2144 game steps. Outcome: [-1], reward: [-1], score: [3]
2025-10-18 23:41:53,072Z | INFO | Starting episode 131: [terran, zerg] on FindAndDefeatZerglings
2025-10-18 23:41:54,049Z | INFO | Episode 131 finished after 1104 game steps. Outcome: [-1], reward: [-1], score: [4]
2025-10-18 23:41:54,076Z | INFO | Starting episode 132: [terran, zerg] on FindAndDefeatZerglings
2025-10-18 23:41:55,049Z | INFO | Episode 132 finished after 1136 game steps. Outcome: [-1], reward: [-1], score: [5]
2025-10-18 23:41:55,071Z | INFO | Starting episode 133: [terran, zerg] on FindAndDefeatZerglings
2025-10-18 23:41:57,506Z | INFO | Episode 133 finished after 2880 game steps. Outcome: [1], reward: [0], score: [10]
2025-10-18 23:41:57,530Z | INFO | Starting episode 134: [terran, zerg] on FindAndDefeatZerglings
2025-10-18 23:41:59,957Z | INFO | Episode 134 finished after 2880 game steps. Outcome: [1], reward: [0], score: [14]
2025-10-18 23:41:59,979Z | INFO | Starting episode 135: [terran, zerg] on FindAndDefeatZerglings
2025-10-18 23:42:02,404Z | INFO | Episode 135 finished after 2880 game steps. Outcome: [1], reward: [0], score: [10]
2025-10-18 23:42:02,427Z | INFO | Starting episode 136: [terran, zerg] on FindAndDefeatZerglings
2025-10-18 23:42:04,838Z | INFO | Episode 136 finished after 2880 game steps. Outcome: [1], reward: [0], score: [11]
2025-10-18 23:42:04,860Z | INFO | Starting episode 137: [terran, zerg] on FindAndDefeatZerglings
2025-10-18 23:42:07,278Z | INFO | Episode 137 finished after 2880 game steps. Outcome: [1], reward: [0], score: [12]
2025-10-18 23:42:07,305Z | INFO | Starting episode 138: [terran, zerg] on FindAndDefeatZerglings
2025-10-18 23:42:09,674Z | INFO | Episode 138 finished after 2880 game steps. Outcome: [1], reward: [0], score: [10]
2025-10-18 23:42:09,697Z | INFO | Starting episode 139: [terran, zerg] on FindAndDefeatZerglings
2025-10-18 23:42:12,123Z | INFO | Episode 139 finished after 2880 game steps. Outcome: [1], reward: [0], score: [8]
2025-10-18 23:42:12,146Z | INFO | Starting episode 140: [terran, zerg] on FindAndDefeatZerglings
2025-10-18 23:42:14,542Z | INFO | Episode 140 finished after 2880 game steps. Outcome: [1], reward: [0], score: [9]
2025-10-18 23:42:14,564Z | INFO | Starting episode 141: [terran, zerg] on FindAndDefeatZerglings
2025-10-18 23:42:16,945Z | INFO | Episode 141 finished after 2880 game steps. Outcome: [1], reward: [0], score: [7]
2025-10-18 23:42:16,966Z | INFO | Starting episode 142: [terran, zerg] on FindAndDefeatZerglings
2025-10-18 23:42:18,782Z | INFO | Episode 142 finished after 2240 game steps. Outcome: [-1], reward: [-1], score: [5]
2025-10-18 23:42:18,804Z | INFO | Starting episode 143: [terran, zerg] on FindAndDefeatZerglings
2025-10-18 23:42:21,167Z | INFO | Episode 143 finished after 2880 game steps. Outcome: [1], reward: [0], score: [9]
2025-10-18 23:42:21,189Z | INFO | Starting episode 144: [terran, zerg] on FindAndDefeatZerglings
2025-10-18 23:42:23,602Z | INFO | Episode 144 finished after 2880 game steps. Outcome: [1], reward: [0], score: [7]
2025-10-18 23:42:23,623Z | INFO | Starting episode 145: [terran, zerg] on FindAndDefeatZerglings
2025-10-18 23:42:26,022Z | INFO | Episode 145 finished after 2880 game steps. Outcome: [1], reward: [0], score: [8]
2025-10-18 23:42:26,044Z | INFO | Starting episode 146: [terran, zerg] on FindAndDefeatZerglings
2025-10-18 23:42:28,443Z | INFO | Episode 146 finished after 2880 game steps. Outcome: [1], reward: [0], score: [9]
2025-10-18 23:42:28,465Z | INFO | Starting episode 147: [terran, zerg] on FindAndDefeatZerglings
2025-10-18 23:42:30,882Z | INFO | Episode 147 finished after 2880 game steps. Outcome: [1], reward: [0], score: [12]
2025-10-18 23:42:30,904Z | INFO | Starting episode 148: [terran, zerg] on FindAndDefeatZerglings
2025-10-18 23:42:32,692Z | INFO | Episode 148 finished after 2128 game steps. Outcome: [-1], reward: [-1], score: [6]
2025-10-18 23:42:32,714Z | INFO | Starting episode 149: [terran, zerg] on FindAndDefeatZerglings
2025-10-18 23:42:35,120Z | INFO | Episode 149 finished after 2880 game steps. Outcome: [1], reward: [0], score: [9]
2025-10-18 23:42:35,142Z | INFO | Starting episode 150: [terran, zerg] on FindAndDefeatZerglings
2025-10-18 23:42:37,534Z | INFO | Episode 150 finished after 2880 game steps. Outcome: [1], reward: [0], score: [11]
2025-10-18 23:42:37,543Z | INFO | Ep 150: reward=549.82 avg_loss=0.4567 wins=0
2025-10-18 23:42:37,556Z | INFO | Starting episode 151: [terran, zerg] on FindAndDefeatZerglings
2025-10-18 23:42:39,934Z | INFO | Episode 151 finished after 2880 game steps. Outcome: [1], reward: [0], score: [11]
2025-10-18 23:42:39,956Z | INFO | Starting episode 152: [terran, zerg] on FindAndDefeatZerglings
2025-10-18 23:42:42,337Z | INFO | Episode 152 finished after 2880 game steps. Outcome: [1], reward: [0], score: [11]
2025-10-18 23:42:42,365Z | INFO | Starting episode 153: [terran, zerg] on FindAndDefeatZerglings
2025-10-18 23:42:44,750Z | INFO | Episode 153 finished after 2880 game steps. Outcome: [1], reward: [0], score: [6]
2025-10-18 23:42:44,772Z | INFO | Starting episode 154: [terran, zerg] on FindAndDefeatZerglings
2025-10-18 23:42:47,183Z | INFO | Episode 154 finished after 2880 game steps. Outcome: [1], reward: [0], score: [10]
2025-10-18 23:42:47,206Z | INFO | Starting episode 155: [terran, zerg] on FindAndDefeatZerglings
2025-10-18 23:42:49,638Z | INFO | Episode 155 finished after 2880 game steps. Outcome: [1], reward: [0], score: [7]
2025-10-18 23:42:49,661Z | INFO | Starting episode 156: [terran, zerg] on FindAndDefeatZerglings
2025-10-18 23:42:52,085Z | INFO | Episode 156 finished after 2880 game steps. Outcome: [1], reward: [0], score: [9]
2025-10-18 23:42:52,107Z | INFO | Starting episode 157: [terran, zerg] on FindAndDefeatZerglings
2025-10-18 23:42:54,516Z | INFO | Episode 157 finished after 2880 game steps. Outcome: [1], reward: [0], score: [8]
2025-10-18 23:42:54,539Z | INFO | Starting episode 158: [terran, zerg] on FindAndDefeatZerglings
2025-10-18 23:42:55,494Z | INFO | Episode 158 finished after 1136 game steps. Outcome: [-1], reward: [-1], score: [4]
2025-10-18 23:42:55,515Z | INFO | Starting episode 159: [terran, zerg] on FindAndDefeatZerglings
2025-10-18 23:42:56,484Z | INFO | Episode 159 finished after 1152 game steps. Outcome: [-1], reward: [-1], score: [3]
2025-10-18 23:42:56,505Z | INFO | Starting episode 160: [terran, zerg] on FindAndDefeatZerglings
2025-10-18 23:42:58,892Z | INFO | Episode 160 finished after 2880 game steps. Outcome: [1], reward: [0], score: [6]
2025-10-18 23:42:58,913Z | INFO | Starting episode 161: [terran, zerg] on FindAndDefeatZerglings
2025-10-18 23:43:00,073Z | INFO | Episode 161 finished after 1360 game steps. Outcome: [-1], reward: [-1], score: [4]
2025-10-18 23:43:00,100Z | INFO | Starting episode 162: [terran, zerg] on FindAndDefeatZerglings
2025-10-18 23:43:01,376Z | INFO | Episode 162 finished after 1504 game steps. Outcome: [-1], reward: [-1], score: [3]
2025-10-18 23:43:01,398Z | INFO | Starting episode 163: [terran, zerg] on FindAndDefeatZerglings
2025-10-18 23:43:03,800Z | INFO | Episode 163 finished after 2880 game steps. Outcome: [1], reward: [0], score: [8]
2025-10-18 23:43:03,823Z | INFO | Starting episode 164: [terran, zerg] on FindAndDefeatZerglings
2025-10-18 23:43:04,215Z | INFO | Episode 164 finished after 464 game steps. Outcome: [-1], reward: [-1], score: [1]
2025-10-18 23:43:04,236Z | INFO | Starting episode 165: [terran, zerg] on FindAndDefeatZerglings
2025-10-18 23:43:05,881Z | INFO | Episode 165 finished after 1968 game steps. Outcome: [-1], reward: [-1], score: [5]
2025-10-18 23:43:05,903Z | INFO | Starting episode 166: [terran, zerg] on FindAndDefeatZerglings
2025-10-18 23:43:08,315Z | INFO | Episode 166 finished after 2880 game steps. Outcome: [1], reward: [0], score: [9]
2025-10-18 23:43:08,337Z | INFO | Starting episode 167: [terran, zerg] on FindAndDefeatZerglings
2025-10-18 23:43:09,553Z | INFO | Episode 167 finished after 1456 game steps. Outcome: [-1], reward: [-2], score: [3]
2025-10-18 23:43:09,575Z | INFO | Starting episode 168: [terran, zerg] on FindAndDefeatZerglings
2025-10-18 23:43:11,987Z | INFO | Episode 168 finished after 2880 game steps. Outcome: [1], reward: [0], score: [11]
2025-10-18 23:43:12,009Z | INFO | Starting episode 169: [terran, zerg] on FindAndDefeatZerglings
2025-10-18 23:43:14,425Z | INFO | Episode 169 finished after 2880 game steps. Outcome: [1], reward: [0], score: [12]
2025-10-18 23:43:14,447Z | INFO | Starting episode 170: [terran, zerg] on FindAndDefeatZerglings
2025-10-18 23:43:16,823Z | INFO | Episode 170 finished after 2880 game steps. Outcome: [1], reward: [0], score: [6]
2025-10-18 23:43:16,845Z | INFO | Starting episode 171: [terran, zerg] on FindAndDefeatZerglings
2025-10-18 23:43:19,220Z | INFO | Episode 171 finished after 2880 game steps. Outcome: [1], reward: [0], score: [9]
2025-10-18 23:43:19,242Z | INFO | Starting episode 172: [terran, zerg] on FindAndDefeatZerglings
2025-10-18 23:43:21,330Z | INFO | Episode 172 finished after 2528 game steps. Outcome: [-1], reward: [-1], score: [5]
2025-10-18 23:43:21,352Z | INFO | Starting episode 173: [terran, zerg] on FindAndDefeatZerglings
2025-10-18 23:43:23,723Z | INFO | Episode 173 finished after 2880 game steps. Outcome: [1], reward: [0], score: [10]
2025-10-18 23:43:23,745Z | INFO | Starting episode 174: [terran, zerg] on FindAndDefeatZerglings
2025-10-18 23:43:24,712Z | INFO | Episode 174 finished after 1152 game steps. Outcome: [-1], reward: [-1], score: [4]
2025-10-18 23:43:24,734Z | INFO | Starting episode 175: [terran, zerg] on FindAndDefeatZerglings
2025-10-18 23:43:27,116Z | INFO | Episode 175 finished after 2880 game steps. Outcome: [1], reward: [0], score: [13]
2025-10-18 23:43:27,137Z | INFO | Starting episode 176: [terran, zerg] on FindAndDefeatZerglings
2025-10-18 23:43:29,528Z | INFO | Episode 176 finished after 2880 game steps. Outcome: [1], reward: [0], score: [9]
2025-10-18 23:43:29,550Z | INFO | Starting episode 177: [terran, zerg] on FindAndDefeatZerglings
2025-10-18 23:43:31,973Z | INFO | Episode 177 finished after 2880 game steps. Outcome: [1], reward: [1], score: [11]
2025-10-18 23:43:31,994Z | INFO | Starting episode 178: [terran, zerg] on FindAndDefeatZerglings
2025-10-18 23:43:34,384Z | INFO | Episode 178 finished after 2880 game steps. Outcome: [1], reward: [0], score: [7]
2025-10-18 23:43:34,406Z | INFO | Starting episode 179: [terran, zerg] on FindAndDefeatZerglings
2025-10-18 23:43:36,843Z | INFO | Episode 179 finished after 2880 game steps. Outcome: [1], reward: [1], score: [5]
2025-10-18 23:43:36,865Z | INFO | Starting episode 180: [terran, zerg] on FindAndDefeatZerglings
2025-10-18 23:43:39,305Z | INFO | Episode 180 finished after 2880 game steps. Outcome: [1], reward: [0], score: [9]
2025-10-18 23:43:39,327Z | INFO | Starting episode 181: [terran, zerg] on FindAndDefeatZerglings
2025-10-18 23:43:41,727Z | INFO | Episode 181 finished after 2880 game steps. Outcome: [1], reward: [0], score: [10]
2025-10-18 23:43:41,755Z | INFO | Starting episode 182: [terran, zerg] on FindAndDefeatZerglings
2025-10-18 23:43:44,131Z | INFO | Episode 182 finished after 2880 game steps. Outcome: [1], reward: [1], score: [7]
2025-10-18 23:43:44,153Z | INFO | Starting episode 183: [terran, zerg] on FindAndDefeatZerglings
2025-10-18 23:43:46,537Z | INFO | Episode 183 finished after 2880 game steps. Outcome: [1], reward: [0], score: [8]
2025-10-18 23:43:46,559Z | INFO | Starting episode 184: [terran, zerg] on FindAndDefeatZerglings
2025-10-18 23:43:49,000Z | INFO | Episode 184 finished after 2880 game steps. Outcome: [1], reward: [0], score: [7]
2025-10-18 23:43:49,025Z | INFO | Starting episode 185: [terran, zerg] on FindAndDefeatZerglings
2025-10-18 23:43:51,900Z | INFO | Episode 185 finished after 2880 game steps. Outcome: [1], reward: [0], score: [10]
2025-10-18 23:43:51,927Z | INFO | Starting episode 186: [terran, zerg] on FindAndDefeatZerglings
2025-10-18 23:43:53,439Z | INFO | Episode 186 finished after 1616 game steps. Outcome: [-1], reward: [-1], score: [4]
2025-10-18 23:43:53,462Z | INFO | Starting episode 187: [terran, zerg] on FindAndDefeatZerglings
2025-10-18 23:43:54,897Z | INFO | Episode 187 finished after 1504 game steps. Outcome: [-1], reward: [-1], score: [4]
2025-10-18 23:43:54,926Z | INFO | Starting episode 188: [terran, zerg] on FindAndDefeatZerglings
2025-10-18 23:43:57,526Z | INFO | Episode 188 finished after 2880 game steps. Outcome: [1], reward: [0], score: [11]
2025-10-18 23:43:57,549Z | INFO | Starting episode 189: [terran, zerg] on FindAndDefeatZerglings
2025-10-18 23:43:59,158Z | INFO | Episode 189 finished after 1824 game steps. Outcome: [-1], reward: [-1], score: [7]
2025-10-18 23:43:59,180Z | INFO | Starting episode 190: [terran, zerg] on FindAndDefeatZerglings
2025-10-18 23:44:00,156Z | INFO | Episode 190 finished after 1104 game steps. Outcome: [-1], reward: [-1], score: [6]
2025-10-18 23:44:00,178Z | INFO | Starting episode 191: [terran, zerg] on FindAndDefeatZerglings
2025-10-18 23:44:00,923Z | INFO | Episode 191 finished after 832 game steps. Outcome: [-1], reward: [-1], score: [0]
2025-10-18 23:44:00,945Z | INFO | Starting episode 192: [terran, zerg] on FindAndDefeatZerglings
2025-10-18 23:44:01,411Z | INFO | Episode 192 finished after 528 game steps. Outcome: [-1], reward: [-1], score: [0]
2025-10-18 23:44:01,433Z | INFO | Starting episode 193: [terran, zerg] on FindAndDefeatZerglings
2025-10-18 23:44:03,886Z | INFO | Episode 193 finished after 2880 game steps. Outcome: [1], reward: [0], score: [10]
2025-10-18 23:44:03,908Z | INFO | Starting episode 194: [terran, zerg] on FindAndDefeatZerglings
2025-10-18 23:44:05,384Z | INFO | Episode 194 finished after 1696 game steps. Outcome: [-1], reward: [-1], score: [5]
2025-10-18 23:44:05,406Z | INFO | Starting episode 195: [terran, zerg] on FindAndDefeatZerglings
2025-10-18 23:44:07,880Z | INFO | Episode 195 finished after 2880 game steps. Outcome: [1], reward: [0], score: [7]
2025-10-18 23:44:07,903Z | INFO | Starting episode 196: [terran, zerg] on FindAndDefeatZerglings
2025-10-18 23:44:10,384Z | INFO | Episode 196 finished after 2880 game steps. Outcome: [1], reward: [0], score: [11]
2025-10-18 23:44:10,406Z | INFO | Starting episode 197: [terran, zerg] on FindAndDefeatZerglings
2025-10-18 23:44:12,887Z | INFO | Episode 197 finished after 2880 game steps. Outcome: [1], reward: [0], score: [13]
2025-10-18 23:44:12,909Z | INFO | Starting episode 198: [terran, zerg] on FindAndDefeatZerglings
2025-10-18 23:44:13,709Z | INFO | Episode 198 finished after 928 game steps. Outcome: [-1], reward: [-1], score: [-1]
2025-10-18 23:44:13,731Z | INFO | Starting episode 199: [terran, zerg] on FindAndDefeatZerglings
2025-10-18 23:44:16,175Z | INFO | Episode 199 finished after 2880 game steps. Outcome: [1], reward: [0], score: [8]
2025-10-18 23:44:16,197Z | INFO | Starting episode 200: [terran, zerg] on FindAndDefeatZerglings
2025-10-18 23:44:18,661Z | INFO | Episode 200 finished after 2880 game steps. Outcome: [1], reward: [0], score: [10]
2025-10-18 23:44:18,670Z | INFO | Ep 200: reward=549.82 avg_loss=0.5266 wins=3
2025-10-18 23:44:18,670Z | INFO | LR scheduler step: episode=200, lr=1.325000e-05
2025-10-18 23:44:19,272Z | INFO | Starting episode 201: [terran, zerg] on FindAndDefeatZerglings
2025-10-18 23:44:21,111Z | INFO | Episode 201 finished after 2160 game steps. Outcome: [-1], reward: [-1], score: [3]
2025-10-18 23:44:21,133Z | INFO | Starting episode 202: [terran, zerg] on FindAndDefeatZerglings
2025-10-18 23:44:23,499Z | INFO | Episode 202 finished after 2832 game steps. Outcome: [-1], reward: [-1], score: [9]
2025-10-18 23:44:23,521Z | INFO | Starting episode 203: [terran, zerg] on FindAndDefeatZerglings
2025-10-18 23:44:24,777Z | INFO | Episode 203 finished after 1488 game steps. Outcome: [-1], reward: [-1], score: [4]
2025-10-18 23:44:24,804Z | INFO | Starting episode 204: [terran, zerg] on FindAndDefeatZerglings
2025-10-18 23:44:26,514Z | INFO | Episode 204 finished after 2032 game steps. Outcome: [-1], reward: [-1], score: [6]
2025-10-18 23:44:26,537Z | INFO | Starting episode 205: [terran, zerg] on FindAndDefeatZerglings
2025-10-18 23:44:28,951Z | INFO | Episode 205 finished after 2880 game steps. Outcome: [1], reward: [0], score: [8]
2025-10-18 23:44:28,973Z | INFO | Starting episode 206: [terran, zerg] on FindAndDefeatZerglings
2025-10-18 23:44:30,438Z | INFO | Episode 206 finished after 1744 game steps. Outcome: [-1], reward: [-1], score: [4]
2025-10-18 23:44:30,459Z | INFO | Starting episode 207: [terran, zerg] on FindAndDefeatZerglings
2025-10-18 23:44:33,172Z | INFO | Episode 207 finished after 2880 game steps. Outcome: [1], reward: [0], score: [10]
2025-10-18 23:44:33,199Z | INFO | Starting episode 208: [terran, zerg] on FindAndDefeatZerglings
2025-10-18 23:44:35,662Z | INFO | Episode 208 finished after 2880 game steps. Outcome: [1], reward: [0], score: [8]
2025-10-18 23:44:35,685Z | INFO | Starting episode 209: [terran, zerg] on FindAndDefeatZerglings
2025-10-18 23:44:38,094Z | INFO | Episode 209 finished after 2880 game steps. Outcome: [1], reward: [0], score: [10]
2025-10-18 23:44:38,119Z | INFO | Starting episode 210: [terran, zerg] on FindAndDefeatZerglings
2025-10-18 23:44:38,798Z | INFO | Episode 210 finished after 800 game steps. Outcome: [-1], reward: [-1], score: [2]
2025-10-18 23:44:38,820Z | INFO | Starting episode 211: [terran, zerg] on FindAndDefeatZerglings
2025-10-18 23:44:39,656Z | INFO | Episode 211 finished after 992 game steps. Outcome: [-1], reward: [-1], score: [2]
2025-10-18 23:44:39,677Z | INFO | Starting episode 212: [terran, zerg] on FindAndDefeatZerglings
2025-10-18 23:44:42,125Z | INFO | Episode 212 finished after 2880 game steps. Outcome: [1], reward: [0], score: [8]
2025-10-18 23:44:42,149Z | INFO | Starting episode 213: [terran, zerg] on FindAndDefeatZerglings
2025-10-18 23:44:42,965Z | INFO | Episode 213 finished after 944 game steps. Outcome: [-1], reward: [-1], score: [3]
2025-10-18 23:44:42,988Z | INFO | Starting episode 214: [terran, zerg] on FindAndDefeatZerglings
2025-10-18 23:44:45,452Z | INFO | Episode 214 finished after 2880 game steps. Outcome: [1], reward: [0], score: [11]
2025-10-18 23:44:45,474Z | INFO | Starting episode 215: [terran, zerg] on FindAndDefeatZerglings
2025-10-18 23:44:47,896Z | INFO | Episode 215 finished after 2880 game steps. Outcome: [1], reward: [0], score: [8]
2025-10-18 23:44:50,640Z | INFO | Starting episode 216: [terran, zerg] on FindAndDefeatZerglings
2025-10-18 23:44:53,235Z | INFO | Episode 216 finished after 2880 game steps. Outcome: [1], reward: [0], score: [15]
2025-10-18 23:44:53,265Z | INFO | Starting episode 217: [terran, zerg] on FindAndDefeatZerglings
2025-10-18 23:44:55,440Z | INFO | Episode 217 finished after 2448 game steps. Outcome: [-1], reward: [-1], score: [6]
2025-10-18 23:44:55,464Z | INFO | Starting episode 218: [terran, zerg] on FindAndDefeatZerglings
2025-10-18 23:44:57,180Z | INFO | Episode 218 finished after 1952 game steps. Outcome: [-1], reward: [-1], score: [6]
2025-10-18 23:44:57,204Z | INFO | Starting episode 219: [terran, zerg] on FindAndDefeatZerglings
2025-10-18 23:44:59,706Z | INFO | Episode 219 finished after 2880 game steps. Outcome: [1], reward: [0], score: [8]
2025-10-18 23:44:59,729Z | INFO | Starting episode 220: [terran, zerg] on FindAndDefeatZerglings
2025-10-18 23:45:02,250Z | INFO | Episode 220 finished after 2880 game steps. Outcome: [1], reward: [0], score: [11]
2025-10-18 23:45:02,280Z | INFO | Starting episode 221: [terran, zerg] on FindAndDefeatZerglings
2025-10-18 23:45:04,745Z | INFO | Episode 221 finished after 2800 game steps. Outcome: [-1], reward: [-1], score: [8]
2025-10-18 23:45:04,768Z | INFO | Starting episode 222: [terran, zerg] on FindAndDefeatZerglings
2025-10-18 23:45:07,275Z | INFO | Episode 222 finished after 2880 game steps. Outcome: [1], reward: [0], score: [12]
2025-10-18 23:45:07,298Z | INFO | Starting episode 223: [terran, zerg] on FindAndDefeatZerglings
2025-10-18 23:45:08,565Z | INFO | Episode 223 finished after 1424 game steps. Outcome: [-1], reward: [-1], score: [6]
2025-10-18 23:45:08,588Z | INFO | Starting episode 224: [terran, zerg] on FindAndDefeatZerglings
2025-10-18 23:45:09,465Z | INFO | Episode 224 finished after 992 game steps. Outcome: [-1], reward: [-1], score: [3]
2025-10-18 23:45:09,487Z | INFO | Starting episode 225: [terran, zerg] on FindAndDefeatZerglings
2025-10-18 23:45:11,423Z | INFO | Episode 225 finished after 2224 game steps. Outcome: [-1], reward: [-1], score: [7]
2025-10-18 23:45:11,445Z | INFO | Starting episode 226: [terran, zerg] on FindAndDefeatZerglings
2025-10-18 23:45:13,937Z | INFO | Episode 226 finished after 2880 game steps. Outcome: [1], reward: [0], score: [9]
2025-10-18 23:45:13,959Z | INFO | Starting episode 227: [terran, zerg] on FindAndDefeatZerglings
2025-10-18 23:45:16,424Z | INFO | Episode 227 finished after 2880 game steps. Outcome: [1], reward: [0], score: [11]
2025-10-18 23:45:16,446Z | INFO | Starting episode 228: [terran, zerg] on FindAndDefeatZerglings
2025-10-18 23:45:18,936Z | INFO | Episode 228 finished after 2880 game steps. Outcome: [1], reward: [0], score: [9]
2025-10-18 23:45:18,959Z | INFO | Starting episode 229: [terran, zerg] on FindAndDefeatZerglings
2025-10-18 23:45:21,447Z | INFO | Episode 229 finished after 2880 game steps. Outcome: [1], reward: [0], score: [7]
2025-10-18 23:45:21,476Z | INFO | Starting episode 230: [terran, zerg] on FindAndDefeatZerglings
2025-10-18 23:45:23,972Z | INFO | Episode 230 finished after 2880 game steps. Outcome: [1], reward: [0], score: [11]
2025-10-18 23:45:23,996Z | INFO | Starting episode 231: [terran, zerg] on FindAndDefeatZerglings
2025-10-18 23:45:26,102Z | INFO | Episode 231 finished after 2496 game steps. Outcome: [-1], reward: [-1], score: [5]
2025-10-18 23:45:26,125Z | INFO | Starting episode 232: [terran, zerg] on FindAndDefeatZerglings
2025-10-18 23:45:28,541Z | INFO | Episode 232 finished after 2880 game steps. Outcome: [1], reward: [0], score: [11]
2025-10-18 23:45:28,563Z | INFO | Starting episode 233: [terran, zerg] on FindAndDefeatZerglings
2025-10-18 23:45:30,974Z | INFO | Episode 233 finished after 2880 game steps. Outcome: [1], reward: [0], score: [8]
2025-10-18 23:45:31,003Z | INFO | Starting episode 234: [terran, zerg] on FindAndDefeatZerglings
2025-10-18 23:45:33,414Z | INFO | Episode 234 finished after 2880 game steps. Outcome: [1], reward: [0], score: [8]
2025-10-18 23:45:33,436Z | INFO | Starting episode 235: [terran, zerg] on FindAndDefeatZerglings
2025-10-18 23:45:35,836Z | INFO | Episode 235 finished after 2880 game steps. Outcome: [1], reward: [0], score: [8]
2025-10-18 23:45:35,858Z | INFO | Starting episode 236: [terran, zerg] on FindAndDefeatZerglings
2025-10-18 23:45:37,959Z | INFO | Episode 236 finished after 2496 game steps. Outcome: [-1], reward: [-1], score: [6]
2025-10-18 23:45:37,981Z | INFO | Starting episode 237: [terran, zerg] on FindAndDefeatZerglings
2025-10-18 23:45:40,407Z | INFO | Episode 237 finished after 2880 game steps. Outcome: [1], reward: [0], score: [18]
2025-10-18 23:45:40,429Z | INFO | Starting episode 238: [terran, zerg] on FindAndDefeatZerglings
2025-10-18 23:45:42,829Z | INFO | Episode 238 finished after 2880 game steps. Outcome: [1], reward: [0], score: [9]
2025-10-18 23:45:42,851Z | INFO | Starting episode 239: [terran, zerg] on FindAndDefeatZerglings
2025-10-18 23:45:45,282Z | INFO | Episode 239 finished after 2880 game steps. Outcome: [1], reward: [0], score: [13]
2025-10-18 23:45:45,303Z | INFO | Starting episode 240: [terran, zerg] on FindAndDefeatZerglings
2025-10-18 23:45:47,695Z | INFO | Episode 240 finished after 2880 game steps. Outcome: [1], reward: [0], score: [9]
2025-10-18 23:45:47,717Z | INFO | Starting episode 241: [terran, zerg] on FindAndDefeatZerglings
2025-10-18 23:45:50,117Z | INFO | Episode 241 finished after 2880 game steps. Outcome: [1], reward: [0], score: [6]
2025-10-18 23:45:50,139Z | INFO | Starting episode 242: [terran, zerg] on FindAndDefeatZerglings
2025-10-18 23:45:51,124Z | INFO | Episode 242 finished after 1152 game steps. Outcome: [-1], reward: [-1], score: [3]
2025-10-18 23:45:51,146Z | INFO | Starting episode 243: [terran, zerg] on FindAndDefeatZerglings
2025-10-18 23:45:53,546Z | INFO | Episode 243 finished after 2880 game steps. Outcome: [1], reward: [0], score: [9]
2025-10-18 23:45:53,568Z | INFO | Starting episode 244: [terran, zerg] on FindAndDefeatZerglings
2025-10-18 23:45:55,993Z | INFO | Episode 244 finished after 2880 game steps. Outcome: [1], reward: [0], score: [10]
2025-10-18 23:45:56,014Z | INFO | Starting episode 245: [terran, zerg] on FindAndDefeatZerglings
2025-10-18 23:45:58,424Z | INFO | Episode 245 finished after 2880 game steps. Outcome: [1], reward: [0], score: [13]
2025-10-18 23:45:58,446Z | INFO | Starting episode 246: [terran, zerg] on FindAndDefeatZerglings
2025-10-18 23:46:00,791Z | INFO | Episode 246 finished after 2832 game steps. Outcome: [-1], reward: [-1], score: [6]
2025-10-18 23:46:00,813Z | INFO | Starting episode 247: [terran, zerg] on FindAndDefeatZerglings
2025-10-18 23:46:03,228Z | INFO | Episode 247 finished after 2880 game steps. Outcome: [1], reward: [0], score: [15]
2025-10-18 23:46:03,257Z | INFO | Starting episode 248: [terran, zerg] on FindAndDefeatZerglings
2025-10-18 23:46:05,648Z | INFO | Episode 248 finished after 2880 game steps. Outcome: [1], reward: [0], score: [14]
2025-10-18 23:46:05,671Z | INFO | Starting episode 249: [terran, zerg] on FindAndDefeatZerglings
2025-10-18 23:46:06,179Z | INFO | Episode 249 finished after 608 game steps. Outcome: [-1], reward: [-1], score: [1]
2025-10-18 23:46:06,202Z | INFO | Starting episode 250: [terran, zerg] on FindAndDefeatZerglings
2025-10-18 23:46:06,731Z | INFO | Episode 250 finished after 608 game steps. Outcome: [-1], reward: [-1], score: [1]
2025-10-18 23:46:06,739Z | INFO | Ep 250: reward=199.96 avg_loss=0.3596 wins=3
2025-10-18 23:46:06,753Z | INFO | Starting episode 251: [terran, zerg] on FindAndDefeatZerglings
2025-10-18 23:46:09,167Z | INFO | Episode 251 finished after 2880 game steps. Outcome: [1], reward: [0], score: [11]
2025-10-18 23:46:09,189Z | INFO | Starting episode 252: [terran, zerg] on FindAndDefeatZerglings
2025-10-18 23:46:11,628Z | INFO | Episode 252 finished after 2880 game steps. Outcome: [1], reward: [0], score: [9]
2025-10-18 23:46:11,651Z | INFO | Starting episode 253: [terran, zerg] on FindAndDefeatZerglings
2025-10-18 23:46:14,147Z | INFO | Episode 253 finished after 2880 game steps. Outcome: [1], reward: [0], score: [6]
2025-10-18 23:46:14,169Z | INFO | Starting episode 254: [terran, zerg] on FindAndDefeatZerglings
2025-10-18 23:46:16,619Z | INFO | Episode 254 finished after 2880 game steps. Outcome: [1], reward: [0], score: [13]
2025-10-18 23:46:16,641Z | INFO | Starting episode 255: [terran, zerg] on FindAndDefeatZerglings
2025-10-18 23:46:18,086Z | INFO | Episode 255 finished after 1696 game steps. Outcome: [-1], reward: [-1], score: [4]
2025-10-18 23:46:18,108Z | INFO | Starting episode 256: [terran, zerg] on FindAndDefeatZerglings
2025-10-18 23:46:20,543Z | INFO | Episode 256 finished after 2880 game steps. Outcome: [1], reward: [0], score: [9]
2025-10-18 23:46:20,565Z | INFO | Starting episode 257: [terran, zerg] on FindAndDefeatZerglings
2025-10-18 23:46:22,900Z | INFO | Episode 257 finished after 2784 game steps. Outcome: [-1], reward: [-1], score: [5]
2025-10-18 23:46:22,921Z | INFO | Starting episode 258: [terran, zerg] on FindAndDefeatZerglings
2025-10-18 23:46:25,322Z | INFO | Episode 258 finished after 2880 game steps. Outcome: [1], reward: [0], score: [9]
2025-10-18 23:46:25,344Z | INFO | Starting episode 259: [terran, zerg] on FindAndDefeatZerglings
2025-10-18 23:46:26,260Z | INFO | Episode 259 finished after 1072 game steps. Outcome: [-1], reward: [-1], score: [3]
2025-10-18 23:46:26,282Z | INFO | Starting episode 260: [terran, zerg] on FindAndDefeatZerglings
2025-10-18 23:46:28,679Z | INFO | Episode 260 finished after 2880 game steps. Outcome: [1], reward: [0], score: [4]
2025-10-18 23:46:28,701Z | INFO | Starting episode 261: [terran, zerg] on FindAndDefeatZerglings
2025-10-18 23:46:31,115Z | INFO | Episode 261 finished after 2880 game steps. Outcome: [1], reward: [0], score: [8]
2025-10-18 23:46:31,137Z | INFO | Starting episode 262: [terran, zerg] on FindAndDefeatZerglings
2025-10-18 23:46:32,410Z | INFO | Episode 262 finished after 1520 game steps. Outcome: [-1], reward: [-1], score: [4]
2025-10-18 23:46:32,432Z | INFO | Starting episode 263: [terran, zerg] on FindAndDefeatZerglings
2025-10-18 23:46:33,038Z | INFO | Episode 263 finished after 704 game steps. Outcome: [-1], reward: [-1], score: [3]
2025-10-18 23:46:33,060Z | INFO | Starting episode 264: [terran, zerg] on FindAndDefeatZerglings
2025-10-18 23:46:35,064Z | INFO | Episode 264 finished after 2384 game steps. Outcome: [-1], reward: [-1], score: [7]
2025-10-18 23:46:35,086Z | INFO | Starting episode 265: [terran, zerg] on FindAndDefeatZerglings
2025-10-18 23:46:37,498Z | INFO | Episode 265 finished after 2880 game steps. Outcome: [1], reward: [0], score: [10]
2025-10-18 23:46:37,520Z | INFO | Starting episode 266: [terran, zerg] on FindAndDefeatZerglings
2025-10-18 23:46:39,938Z | INFO | Episode 266 finished after 2880 game steps. Outcome: [1], reward: [0], score: [12]
2025-10-18 23:46:39,965Z | INFO | Starting episode 267: [terran, zerg] on FindAndDefeatZerglings
2025-10-18 23:46:42,391Z | INFO | Episode 267 finished after 2880 game steps. Outcome: [1], reward: [0], score: [11]
2025-10-18 23:46:42,413Z | INFO | Starting episode 268: [terran, zerg] on FindAndDefeatZerglings
2025-10-18 23:46:44,828Z | INFO | Episode 268 finished after 2880 game steps. Outcome: [1], reward: [0], score: [10]
2025-10-18 23:46:44,851Z | INFO | Starting episode 269: [terran, zerg] on FindAndDefeatZerglings
2025-10-18 23:46:45,815Z | INFO | Episode 269 finished after 1120 game steps. Outcome: [-1], reward: [-1], score: [4]
2025-10-18 23:46:45,836Z | INFO | Starting episode 270: [terran, zerg] on FindAndDefeatZerglings
2025-10-18 23:46:48,237Z | INFO | Episode 270 finished after 2880 game steps. Outcome: [1], reward: [0], score: [10]
2025-10-18 23:46:48,259Z | INFO | Starting episode 271: [terran, zerg] on FindAndDefeatZerglings
2025-10-18 23:46:48,980Z | INFO | Episode 271 finished after 848 game steps. Outcome: [-1], reward: [-1], score: [1]
2025-10-18 23:46:49,002Z | INFO | Starting episode 272: [terran, zerg] on FindAndDefeatZerglings
2025-10-18 23:46:51,469Z | INFO | Episode 272 finished after 2880 game steps. Outcome: [1], reward: [0], score: [11]
2025-10-18 23:46:51,492Z | INFO | Starting episode 273: [terran, zerg] on FindAndDefeatZerglings
2025-10-18 23:46:53,967Z | INFO | Episode 273 finished after 2880 game steps. Outcome: [1], reward: [0], score: [12]
2025-10-18 23:46:53,989Z | INFO | Starting episode 274: [terran, zerg] on FindAndDefeatZerglings
2025-10-18 23:46:56,439Z | INFO | Episode 274 finished after 2880 game steps. Outcome: [1], reward: [0], score: [10]
2025-10-18 23:46:56,467Z | INFO | Starting episode 275: [terran, zerg] on FindAndDefeatZerglings
2025-10-18 23:46:58,902Z | INFO | Episode 275 finished after 2880 game steps. Outcome: [1], reward: [0], score: [7]
2025-10-18 23:46:58,925Z | INFO | Starting episode 276: [terran, zerg] on FindAndDefeatZerglings
2025-10-18 23:47:00,030Z | INFO | Episode 276 finished after 1280 game steps. Outcome: [-1], reward: [-1], score: [4]
2025-10-18 23:47:00,053Z | INFO | Starting episode 277: [terran, zerg] on FindAndDefeatZerglings
2025-10-18 23:47:01,965Z | INFO | Episode 277 finished after 2224 game steps. Outcome: [-1], reward: [-1], score: [8]
2025-10-18 23:47:01,987Z | INFO | Starting episode 278: [terran, zerg] on FindAndDefeatZerglings
2025-10-18 23:47:04,292Z | INFO | Episode 278 finished after 2672 game steps. Outcome: [-1], reward: [-1], score: [9]
2025-10-18 23:47:04,315Z | INFO | Starting episode 279: [terran, zerg] on FindAndDefeatZerglings
2025-10-18 23:47:06,782Z | INFO | Episode 279 finished after 2880 game steps. Outcome: [1], reward: [0], score: [11]
2025-10-18 23:47:06,804Z | INFO | Starting episode 280: [terran, zerg] on FindAndDefeatZerglings
2025-10-18 23:47:09,272Z | INFO | Episode 280 finished after 2880 game steps. Outcome: [1], reward: [0], score: [12]
2025-10-18 23:47:09,294Z | INFO | Starting episode 281: [terran, zerg] on FindAndDefeatZerglings
2025-10-18 23:47:11,730Z | INFO | Episode 281 finished after 2880 game steps. Outcome: [1], reward: [0], score: [8]
2025-10-18 23:47:11,752Z | INFO | Starting episode 282: [terran, zerg] on FindAndDefeatZerglings
2025-10-18 23:47:14,192Z | INFO | Episode 282 finished after 2880 game steps. Outcome: [1], reward: [0], score: [14]
2025-10-18 23:47:14,214Z | INFO | Starting episode 283: [terran, zerg] on FindAndDefeatZerglings
2025-10-18 23:47:16,639Z | INFO | Episode 283 finished after 2880 game steps. Outcome: [1], reward: [0], score: [7]
2025-10-18 23:47:16,661Z | INFO | Starting episode 284: [terran, zerg] on FindAndDefeatZerglings
2025-10-18 23:47:19,088Z | INFO | Episode 284 finished after 2880 game steps. Outcome: [1], reward: [0], score: [8]
2025-10-18 23:47:19,110Z | INFO | Starting episode 285: [terran, zerg] on FindAndDefeatZerglings
2025-10-18 23:47:21,523Z | INFO | Episode 285 finished after 2880 game steps. Outcome: [1], reward: [0], score: [10]
2025-10-18 23:47:21,546Z | INFO | Starting episode 286: [terran, zerg] on FindAndDefeatZerglings
2025-10-18 23:47:23,969Z | INFO | Episode 286 finished after 2880 game steps. Outcome: [1], reward: [0], score: [7]
2025-10-18 23:47:23,991Z | INFO | Starting episode 287: [terran, zerg] on FindAndDefeatZerglings
2025-10-18 23:47:25,002Z | INFO | Episode 287 finished after 1168 game steps. Outcome: [-1], reward: [-1], score: [5]
2025-10-18 23:47:25,023Z | INFO | Starting episode 288: [terran, zerg] on FindAndDefeatZerglings
2025-10-18 23:47:27,434Z | INFO | Episode 288 finished after 2880 game steps. Outcome: [1], reward: [0], score: [9]
2025-10-18 23:47:27,456Z | INFO | Starting episode 289: [terran, zerg] on FindAndDefeatZerglings
2025-10-18 23:47:29,900Z | INFO | Episode 289 finished after 2880 game steps. Outcome: [1], reward: [0], score: [7]
2025-10-18 23:47:29,922Z | INFO | Starting episode 290: [terran, zerg] on FindAndDefeatZerglings
2025-10-18 23:47:32,329Z | INFO | Episode 290 finished after 2880 game steps. Outcome: [1], reward: [0], score: [12]
2025-10-18 23:47:32,351Z | INFO | Starting episode 291: [terran, zerg] on FindAndDefeatZerglings
2025-10-18 23:47:33,647Z | INFO | Episode 291 finished after 1520 game steps. Outcome: [-1], reward: [-1], score: [4]
2025-10-18 23:47:33,668Z | INFO | Starting episode 292: [terran, zerg] on FindAndDefeatZerglings
2025-10-18 23:47:36,080Z | INFO | Episode 292 finished after 2880 game steps. Outcome: [1], reward: [0], score: [7]
2025-10-18 23:47:36,102Z | INFO | Starting episode 293: [terran, zerg] on FindAndDefeatZerglings
2025-10-18 23:47:38,509Z | INFO | Episode 293 finished after 2880 game steps. Outcome: [1], reward: [0], score: [9]
2025-10-18 23:47:38,531Z | INFO | Starting episode 294: [terran, zerg] on FindAndDefeatZerglings
2025-10-18 23:47:40,961Z | INFO | Episode 294 finished after 2880 game steps. Outcome: [1], reward: [0], score: [8]
2025-10-18 23:47:40,983Z | INFO | Starting episode 295: [terran, zerg] on FindAndDefeatZerglings
2025-10-18 23:47:42,730Z | INFO | Episode 295 finished after 2064 game steps. Outcome: [-1], reward: [-1], score: [4]
2025-10-18 23:47:42,752Z | INFO | Starting episode 296: [terran, zerg] on FindAndDefeatZerglings
2025-10-18 23:47:45,019Z | INFO | Episode 296 finished after 2704 game steps. Outcome: [-1], reward: [-1], score: [7]
2025-10-18 23:47:45,041Z | INFO | Starting episode 297: [terran, zerg] on FindAndDefeatZerglings
2025-10-18 23:47:46,817Z | INFO | Episode 297 finished after 2096 game steps. Outcome: [-1], reward: [-1], score: [6]
2025-10-18 23:47:46,839Z | INFO | Starting episode 298: [terran, zerg] on FindAndDefeatZerglings
2025-10-18 23:47:49,262Z | INFO | Episode 298 finished after 2880 game steps. Outcome: [1], reward: [0], score: [9]
2025-10-18 23:47:49,284Z | INFO | Starting episode 299: [terran, zerg] on FindAndDefeatZerglings
2025-10-18 23:47:49,892Z | INFO | Episode 299 finished after 720 game steps. Outcome: [-1], reward: [-1], score: [0]
2025-10-18 23:47:49,914Z | INFO | Starting episode 300: [terran, zerg] on FindAndDefeatZerglings
2025-10-18 23:47:52,324Z | INFO | Episode 300 finished after 2880 game steps. Outcome: [1], reward: [0], score: [9]
2025-10-18 23:47:52,333Z | INFO | Ep 300: reward=549.82 avg_loss=0.3597 wins=3
2025-10-18 23:47:52,334Z | INFO | LR scheduler step: episode=300, lr=1.000000e-06
2025-10-18 23:47:52,895Z | INFO | Environment Close
2025-10-18 23:47:52,996Z | INFO | Shutdown gracefully.
2025-10-18 23:47:52,996Z | INFO | Shutdown with return code: -15
2025-10-18 23:47:53,681Z | INFO | Launching SC2: /home/jmckerra/StarCraftII/Versions/Base75689/SC2_x64 -listen 127.0.0.1 -port 35539 -dataDir /home/jmckerra/StarCraftII/ -tempDir /tmp/sc-7hev_jkl/
2025-10-18 23:47:53,811Z | INFO | Connecting to: ws://127.0.0.1:35539/sc2api, attempt: 0, running: True
2025-10-18 23:47:54,813Z | INFO | Connecting to: ws://127.0.0.1:35539/sc2api, attempt: 1, running: True
2025-10-18 23:47:55,815Z | INFO | Connecting to: ws://127.0.0.1:35539/sc2api, attempt: 2, running: True
2025-10-18 23:48:00,802Z | INFO | Environment is ready
2025-10-18 23:48:00,803Z | INFO | Starting episode 1: [terran, zerg] on FindAndDefeatZerglings
2025-10-18 23:48:01,937Z | INFO | Episode 1 finished after 2880 game steps. Outcome: [1], reward: [0], score: [2]
2025-10-18 23:48:01,951Z | INFO | Starting episode 2: [terran, zerg] on FindAndDefeatZerglings
2025-10-18 23:48:03,074Z | INFO | Episode 2 finished after 2880 game steps. Outcome: [1], reward: [0], score: [4]
2025-10-18 23:48:03,092Z | INFO | Starting episode 3: [terran, zerg] on FindAndDefeatZerglings
2025-10-18 23:48:04,310Z | INFO | Episode 3 finished after 2880 game steps. Outcome: [1], reward: [0], score: [2]
2025-10-18 23:48:04,326Z | INFO | Starting episode 4: [terran, zerg] on FindAndDefeatZerglings
2025-10-18 23:48:05,368Z | INFO | Episode 4 finished after 2880 game steps. Outcome: [1], reward: [0], score: [2]
2025-10-18 23:48:05,382Z | INFO | Starting episode 5: [terran, zerg] on FindAndDefeatZerglings
2025-10-18 23:48:06,373Z | INFO | Episode 5 finished after 2880 game steps. Outcome: [1], reward: [0], score: [0]
2025-10-18 23:48:06,374Z | INFO | Environment Close
2025-10-18 23:48:06,475Z | INFO | Shutdown gracefully.
2025-10-18 23:48:06,475Z | INFO | Shutdown with return code: -15
2025-10-18 23:48:06,476Z | INFO | Test completed: win_rate=80.00% avg_reward=2.00 wins=4/5
2025-10-18 23:48:06,484Z | INFO | Wrote test results JSON to /depot/sbagchi/data/josh/RL/FindAndDefeatZerglings/results_split_advanced/20251019_033706_E1_seed4/eval/test_results.json
2025-10-18 23:48:06,484Z | INFO | Environment Close
2025-10-18 23:48:07,470Z | INFO | Environment Close
