2025-10-19 11:12:41,722Z | INFO | Logging initialized. Log file: /depot/sbagchi/data/josh/RL/FindAndDefeatZerglings/logs/20251019_151225_E1_seed8.log
2025-10-19 11:12:41,722Z | INFO | Run starting. Saving effective config and env snapshot.
2025-10-19 11:12:41,722Z | INFO | DoubleDQN: True; Scheduler: cosine (T_max=300, min_lr=1e-06)
2025-10-19 11:12:41,795Z | INFO | Config saved to /depot/sbagchi/data/josh/RL/FindAndDefeatZerglings/results_split_advanced/20251019_151225_E1_seed8/config.json
2025-10-19 11:12:59,624Z | INFO | Preallocating optimizer state to avoid OOM...
2025-10-19 11:13:03,845Z | INFO | Optimizer state preallocation complete.
2025-10-19 11:13:03,846Z | INFO | No checkpoint found at /depot/sbagchi/data/josh/RL/FindAndDefeatZerglings/results_split_advanced/20251019_151225_E1_seed8/model_ep300.pth; starting training from scratch.
2025-10-19 11:13:03,846Z | INFO | Training for 300 episodes on device: cuda...
2025-10-19 11:13:03,848Z | INFO | Launching SC2: /home/jmckerra/StarCraftII/Versions/Base75689/SC2_x64 -listen 127.0.0.1 -port 40079 -dataDir /home/jmckerra/StarCraftII/ -tempDir /tmp/sc-9nj57reb/
2025-10-19 11:13:03,891Z | INFO | Connecting to: ws://127.0.0.1:40079/sc2api, attempt: 0, running: True
2025-10-19 11:13:04,942Z | INFO | Connecting to: ws://127.0.0.1:40079/sc2api, attempt: 1, running: True
2025-10-19 11:13:05,943Z | INFO | Connecting to: ws://127.0.0.1:40079/sc2api, attempt: 2, running: True
2025-10-19 11:13:11,194Z | INFO | Environment is ready
2025-10-19 11:13:11,210Z | INFO | Starting episode 1: [terran, zerg] on FindAndDefeatZerglings
2025-10-19 11:13:15,341Z | INFO | Episode 1 finished after 1488 game steps. Outcome: [-1], reward: [-1], score: [4]
2025-10-19 11:13:15,367Z | INFO | Starting episode 2: [terran, zerg] on FindAndDefeatZerglings
2025-10-19 11:13:16,443Z | INFO | Episode 2 finished after 1376 game steps. Outcome: [-1], reward: [-1], score: [2]
2025-10-19 11:13:16,465Z | INFO | Starting episode 3: [terran, zerg] on FindAndDefeatZerglings
2025-10-19 11:13:17,336Z | INFO | Episode 3 finished after 1120 game steps. Outcome: [-1], reward: [-1], score: [2]
2025-10-19 11:13:17,356Z | INFO | Starting episode 4: [terran, zerg] on FindAndDefeatZerglings
2025-10-19 11:13:18,550Z | INFO | Episode 4 finished after 1520 game steps. Outcome: [-1], reward: [-1], score: [6]
2025-10-19 11:13:18,571Z | INFO | Starting episode 5: [terran, zerg] on FindAndDefeatZerglings
2025-10-19 11:13:20,109Z | INFO | Episode 5 finished after 2016 game steps. Outcome: [-1], reward: [-1], score: [2]
2025-10-19 11:13:20,128Z | INFO | Starting episode 6: [terran, zerg] on FindAndDefeatZerglings
2025-10-19 11:13:21,627Z | INFO | Episode 6 finished after 1936 game steps. Outcome: [-1], reward: [-1], score: [5]
2025-10-19 11:13:21,654Z | INFO | Starting episode 7: [terran, zerg] on FindAndDefeatZerglings
2025-10-19 11:13:23,891Z | INFO | Episode 7 finished after 2880 game steps. Outcome: [1], reward: [0], score: [9]
2025-10-19 11:13:23,915Z | INFO | Starting episode 8: [terran, zerg] on FindAndDefeatZerglings
2025-10-19 11:13:26,281Z | INFO | Episode 8 finished after 2880 game steps. Outcome: [1], reward: [0], score: [9]
2025-10-19 11:13:26,304Z | INFO | Starting episode 9: [terran, zerg] on FindAndDefeatZerglings
2025-10-19 11:13:27,158Z | INFO | Episode 9 finished after 1072 game steps. Outcome: [-1], reward: [-1], score: [4]
2025-10-19 11:13:27,178Z | INFO | Starting episode 10: [terran, zerg] on FindAndDefeatZerglings
2025-10-19 11:13:29,425Z | INFO | Episode 10 finished after 2880 game steps. Outcome: [1], reward: [0], score: [9]
2025-10-19 11:13:29,451Z | INFO | Starting episode 11: [terran, zerg] on FindAndDefeatZerglings
2025-10-19 11:13:31,770Z | INFO | Episode 11 finished after 2880 game steps. Outcome: [1], reward: [0], score: [6]
2025-10-19 11:13:31,800Z | INFO | Starting episode 12: [terran, zerg] on FindAndDefeatZerglings
2025-10-19 11:13:34,262Z | INFO | Episode 12 finished after 2880 game steps. Outcome: [1], reward: [0], score: [7]
2025-10-19 11:13:34,286Z | INFO | Starting episode 13: [terran, zerg] on FindAndDefeatZerglings
2025-10-19 11:13:35,415Z | INFO | Episode 13 finished after 1296 game steps. Outcome: [-1], reward: [-1], score: [4]
2025-10-19 11:13:35,439Z | INFO | Starting episode 14: [terran, zerg] on FindAndDefeatZerglings
2025-10-19 11:13:37,850Z | INFO | Episode 14 finished after 2880 game steps. Outcome: [1], reward: [0], score: [8]
2025-10-19 11:13:37,875Z | INFO | Starting episode 15: [terran, zerg] on FindAndDefeatZerglings
2025-10-19 11:13:40,261Z | INFO | Episode 15 finished after 2880 game steps. Outcome: [1], reward: [0], score: [6]
2025-10-19 11:13:40,284Z | INFO | Starting episode 16: [terran, zerg] on FindAndDefeatZerglings
2025-10-19 11:13:42,670Z | INFO | Episode 16 finished after 2880 game steps. Outcome: [1], reward: [1], score: [8]
2025-10-19 11:13:42,693Z | INFO | Starting episode 17: [terran, zerg] on FindAndDefeatZerglings
2025-10-19 11:13:45,129Z | INFO | Episode 17 finished after 2880 game steps. Outcome: [1], reward: [0], score: [10]
2025-10-19 11:13:45,161Z | INFO | Starting episode 18: [terran, zerg] on FindAndDefeatZerglings
2025-10-19 11:13:46,914Z | INFO | Episode 18 finished after 2000 game steps. Outcome: [-1], reward: [-1], score: [6]
2025-10-19 11:13:46,938Z | INFO | Starting episode 19: [terran, zerg] on FindAndDefeatZerglings
2025-10-19 11:13:47,676Z | INFO | Episode 19 finished after 800 game steps. Outcome: [-1], reward: [-1], score: [4]
2025-10-19 11:13:47,702Z | INFO | Starting episode 20: [terran, zerg] on FindAndDefeatZerglings
2025-10-19 11:13:49,011Z | INFO | Episode 20 finished after 1472 game steps. Outcome: [-1], reward: [-1], score: [4]
2025-10-19 11:13:49,035Z | INFO | Starting episode 21: [terran, zerg] on FindAndDefeatZerglings
2025-10-19 11:13:51,566Z | INFO | Episode 21 finished after 2880 game steps. Outcome: [1], reward: [0], score: [10]
2025-10-19 11:13:51,595Z | INFO | Starting episode 22: [terran, zerg] on FindAndDefeatZerglings
2025-10-19 11:13:54,084Z | INFO | Episode 22 finished after 2880 game steps. Outcome: [1], reward: [0], score: [12]
2025-10-19 11:13:54,110Z | INFO | Starting episode 23: [terran, zerg] on FindAndDefeatZerglings
2025-10-19 11:13:56,647Z | INFO | Episode 23 finished after 2880 game steps. Outcome: [1], reward: [0], score: [9]
2025-10-19 11:13:56,671Z | INFO | Starting episode 24: [terran, zerg] on FindAndDefeatZerglings
2025-10-19 11:13:57,641Z | INFO | Episode 24 finished after 1088 game steps. Outcome: [-1], reward: [-1], score: [3]
2025-10-19 11:13:57,664Z | INFO | Starting episode 25: [terran, zerg] on FindAndDefeatZerglings
2025-10-19 11:14:00,209Z | INFO | Episode 25 finished after 2880 game steps. Outcome: [1], reward: [1], score: [7]
2025-10-19 11:14:00,234Z | INFO | Starting episode 26: [terran, zerg] on FindAndDefeatZerglings
2025-10-19 11:14:02,692Z | INFO | Episode 26 finished after 2880 game steps. Outcome: [1], reward: [0], score: [13]
2025-10-19 11:14:02,717Z | INFO | Starting episode 27: [terran, zerg] on FindAndDefeatZerglings
2025-10-19 11:14:05,268Z | INFO | Episode 27 finished after 2880 game steps. Outcome: [1], reward: [0], score: [11]
2025-10-19 11:14:05,291Z | INFO | Starting episode 28: [terran, zerg] on FindAndDefeatZerglings
2025-10-19 11:14:06,260Z | INFO | Episode 28 finished after 1104 game steps. Outcome: [-1], reward: [-1], score: [4]
2025-10-19 11:14:06,285Z | INFO | Starting episode 29: [terran, zerg] on FindAndDefeatZerglings
2025-10-19 11:14:08,778Z | INFO | Episode 29 finished after 2832 game steps. Outcome: [-1], reward: [-1], score: [9]
2025-10-19 11:14:08,807Z | INFO | Starting episode 30: [terran, zerg] on FindAndDefeatZerglings
2025-10-19 11:14:11,358Z | INFO | Episode 30 finished after 2880 game steps. Outcome: [1], reward: [0], score: [13]
2025-10-19 11:14:11,382Z | INFO | Starting episode 31: [terran, zerg] on FindAndDefeatZerglings
2025-10-19 11:14:13,943Z | INFO | Episode 31 finished after 2880 game steps. Outcome: [1], reward: [0], score: [8]
2025-10-19 11:14:13,971Z | INFO | Starting episode 32: [terran, zerg] on FindAndDefeatZerglings
2025-10-19 11:14:16,516Z | INFO | Episode 32 finished after 2880 game steps. Outcome: [1], reward: [0], score: [12]
2025-10-19 11:14:16,542Z | INFO | Starting episode 33: [terran, zerg] on FindAndDefeatZerglings
2025-10-19 11:14:17,758Z | INFO | Episode 33 finished after 1440 game steps. Outcome: [-1], reward: [-1], score: [2]
2025-10-19 11:14:17,784Z | INFO | Starting episode 34: [terran, zerg] on FindAndDefeatZerglings
2025-10-19 11:14:20,183Z | INFO | Episode 34 finished after 2880 game steps. Outcome: [1], reward: [0], score: [10]
2025-10-19 11:14:20,207Z | INFO | Starting episode 35: [terran, zerg] on FindAndDefeatZerglings
2025-10-19 11:14:22,579Z | INFO | Episode 35 finished after 2880 game steps. Outcome: [1], reward: [0], score: [6]
2025-10-19 11:14:22,603Z | INFO | Starting episode 36: [terran, zerg] on FindAndDefeatZerglings
2025-10-19 11:14:24,955Z | INFO | Episode 36 finished after 2880 game steps. Outcome: [1], reward: [0], score: [8]
2025-10-19 11:14:24,977Z | INFO | Starting episode 37: [terran, zerg] on FindAndDefeatZerglings
2025-10-19 11:14:27,360Z | INFO | Episode 37 finished after 2880 game steps. Outcome: [1], reward: [0], score: [6]
2025-10-19 11:14:27,383Z | INFO | Starting episode 38: [terran, zerg] on FindAndDefeatZerglings
2025-10-19 11:14:29,801Z | INFO | Episode 38 finished after 2880 game steps. Outcome: [1], reward: [0], score: [5]
2025-10-19 11:14:29,833Z | INFO | Starting episode 39: [terran, zerg] on FindAndDefeatZerglings
2025-10-19 11:14:31,506Z | INFO | Episode 39 finished after 1856 game steps. Outcome: [-1], reward: [-1], score: [6]
2025-10-19 11:14:31,530Z | INFO | Starting episode 40: [terran, zerg] on FindAndDefeatZerglings
2025-10-19 11:14:32,095Z | INFO | Episode 40 finished after 624 game steps. Outcome: [-1], reward: [-1], score: [0]
2025-10-19 11:14:32,118Z | INFO | Starting episode 41: [terran, zerg] on FindAndDefeatZerglings
2025-10-19 11:14:34,673Z | INFO | Episode 41 finished after 2880 game steps. Outcome: [1], reward: [0], score: [10]
2025-10-19 11:14:34,697Z | INFO | Starting episode 42: [terran, zerg] on FindAndDefeatZerglings
2025-10-19 11:14:35,480Z | INFO | Episode 42 finished after 880 game steps. Outcome: [-1], reward: [-1], score: [2]
2025-10-19 11:14:35,503Z | INFO | Starting episode 43: [terran, zerg] on FindAndDefeatZerglings
2025-10-19 11:14:38,078Z | INFO | Episode 43 finished after 2880 game steps. Outcome: [1], reward: [0], score: [10]
2025-10-19 11:14:38,107Z | INFO | Starting episode 44: [terran, zerg] on FindAndDefeatZerglings
2025-10-19 11:14:40,661Z | INFO | Episode 44 finished after 2880 game steps. Outcome: [1], reward: [0], score: [9]
2025-10-19 11:14:40,685Z | INFO | Starting episode 45: [terran, zerg] on FindAndDefeatZerglings
2025-10-19 11:14:43,218Z | INFO | Episode 45 finished after 2880 game steps. Outcome: [1], reward: [0], score: [10]
2025-10-19 11:14:43,242Z | INFO | Starting episode 46: [terran, zerg] on FindAndDefeatZerglings
2025-10-19 11:14:45,778Z | INFO | Episode 46 finished after 2880 game steps. Outcome: [1], reward: [0], score: [10]
2025-10-19 11:14:45,801Z | INFO | Starting episode 47: [terran, zerg] on FindAndDefeatZerglings
2025-10-19 11:14:48,366Z | INFO | Episode 47 finished after 2880 game steps. Outcome: [1], reward: [0], score: [7]
2025-10-19 11:14:48,390Z | INFO | Starting episode 48: [terran, zerg] on FindAndDefeatZerglings
2025-10-19 11:14:49,179Z | INFO | Episode 48 finished after 912 game steps. Outcome: [-1], reward: [-1], score: [4]
2025-10-19 11:14:49,203Z | INFO | Starting episode 49: [terran, zerg] on FindAndDefeatZerglings
2025-10-19 11:14:50,634Z | INFO | Episode 49 finished after 1600 game steps. Outcome: [-1], reward: [-1], score: [5]
2025-10-19 11:14:50,656Z | INFO | Starting episode 50: [terran, zerg] on FindAndDefeatZerglings
2025-10-19 11:14:53,211Z | INFO | Episode 50 finished after 2880 game steps. Outcome: [1], reward: [0], score: [11]
2025-10-19 11:14:53,221Z | INFO | Ep 50: reward=599.82 avg_loss=0.4292 wins=2
2025-10-19 11:14:53,239Z | INFO | Starting episode 51: [terran, zerg] on FindAndDefeatZerglings
2025-10-19 11:14:55,798Z | INFO | Episode 51 finished after 2880 game steps. Outcome: [1], reward: [0], score: [9]
2025-10-19 11:14:55,822Z | INFO | Starting episode 52: [terran, zerg] on FindAndDefeatZerglings
2025-10-19 11:14:58,394Z | INFO | Episode 52 finished after 2880 game steps. Outcome: [1], reward: [0], score: [10]
2025-10-19 11:14:58,417Z | INFO | Starting episode 53: [terran, zerg] on FindAndDefeatZerglings
2025-10-19 11:15:00,159Z | INFO | Episode 53 finished after 1920 game steps. Outcome: [-1], reward: [-1], score: [4]
2025-10-19 11:15:00,187Z | INFO | Starting episode 54: [terran, zerg] on FindAndDefeatZerglings
2025-10-19 11:15:02,766Z | INFO | Episode 54 finished after 2880 game steps. Outcome: [1], reward: [0], score: [12]
2025-10-19 11:15:02,792Z | INFO | Starting episode 55: [terran, zerg] on FindAndDefeatZerglings
2025-10-19 11:15:03,442Z | INFO | Episode 55 finished after 704 game steps. Outcome: [-1], reward: [-1], score: [-1]
2025-10-19 11:15:03,465Z | INFO | Starting episode 56: [terran, zerg] on FindAndDefeatZerglings
2025-10-19 11:15:05,254Z | INFO | Episode 56 finished after 2064 game steps. Outcome: [-1], reward: [-1], score: [6]
2025-10-19 11:15:05,279Z | INFO | Starting episode 57: [terran, zerg] on FindAndDefeatZerglings
2025-10-19 11:15:07,725Z | INFO | Episode 57 finished after 2880 game steps. Outcome: [1], reward: [0], score: [11]
2025-10-19 11:15:07,748Z | INFO | Starting episode 58: [terran, zerg] on FindAndDefeatZerglings
2025-10-19 11:15:10,182Z | INFO | Episode 58 finished after 2880 game steps. Outcome: [1], reward: [0], score: [10]
2025-10-19 11:15:10,204Z | INFO | Starting episode 59: [terran, zerg] on FindAndDefeatZerglings
2025-10-19 11:15:12,657Z | INFO | Episode 59 finished after 2880 game steps. Outcome: [1], reward: [0], score: [9]
2025-10-19 11:15:12,680Z | INFO | Starting episode 60: [terran, zerg] on FindAndDefeatZerglings
2025-10-19 11:15:15,112Z | INFO | Episode 60 finished after 2880 game steps. Outcome: [1], reward: [0], score: [7]
2025-10-19 11:15:15,134Z | INFO | Starting episode 61: [terran, zerg] on FindAndDefeatZerglings
2025-10-19 11:15:17,603Z | INFO | Episode 61 finished after 2880 game steps. Outcome: [1], reward: [0], score: [9]
2025-10-19 11:15:17,632Z | INFO | Starting episode 62: [terran, zerg] on FindAndDefeatZerglings
2025-10-19 11:15:20,294Z | INFO | Episode 62 finished after 2880 game steps. Outcome: [1], reward: [0], score: [10]
2025-10-19 11:15:20,319Z | INFO | Starting episode 63: [terran, zerg] on FindAndDefeatZerglings
2025-10-19 11:15:22,895Z | INFO | Episode 63 finished after 2880 game steps. Outcome: [1], reward: [0], score: [10]
2025-10-19 11:15:22,920Z | INFO | Starting episode 64: [terran, zerg] on FindAndDefeatZerglings
2025-10-19 11:15:23,640Z | INFO | Episode 64 finished after 800 game steps. Outcome: [-1], reward: [-1], score: [1]
2025-10-19 11:15:23,664Z | INFO | Starting episode 65: [terran, zerg] on FindAndDefeatZerglings
2025-10-19 11:15:24,756Z | INFO | Episode 65 finished after 1200 game steps. Outcome: [-1], reward: [-1], score: [5]
2025-10-19 11:15:24,785Z | INFO | Starting episode 66: [terran, zerg] on FindAndDefeatZerglings
2025-10-19 11:15:27,375Z | INFO | Episode 66 finished after 2880 game steps. Outcome: [1], reward: [0], score: [8]
2025-10-19 11:15:27,400Z | INFO | Starting episode 67: [terran, zerg] on FindAndDefeatZerglings
2025-10-19 11:15:29,316Z | INFO | Episode 67 finished after 2096 game steps. Outcome: [-1], reward: [-1], score: [11]
2025-10-19 11:15:29,339Z | INFO | Starting episode 68: [terran, zerg] on FindAndDefeatZerglings
2025-10-19 11:15:31,909Z | INFO | Episode 68 finished after 2880 game steps. Outcome: [1], reward: [0], score: [8]
2025-10-19 11:15:31,931Z | INFO | Starting episode 69: [terran, zerg] on FindAndDefeatZerglings
2025-10-19 11:15:33,121Z | INFO | Episode 69 finished after 1296 game steps. Outcome: [-1], reward: [-1], score: [6]
2025-10-19 11:15:33,144Z | INFO | Starting episode 70: [terran, zerg] on FindAndDefeatZerglings
2025-10-19 11:15:34,368Z | INFO | Episode 70 finished after 1312 game steps. Outcome: [-1], reward: [-1], score: [5]
2025-10-19 11:15:34,390Z | INFO | Starting episode 71: [terran, zerg] on FindAndDefeatZerglings
2025-10-19 11:15:36,929Z | INFO | Episode 71 finished after 2880 game steps. Outcome: [-1], reward: [-1], score: [6]
2025-10-19 11:15:36,952Z | INFO | Starting episode 72: [terran, zerg] on FindAndDefeatZerglings
2025-10-19 11:15:39,460Z | INFO | Episode 72 finished after 2880 game steps. Outcome: [1], reward: [0], score: [10]
2025-10-19 11:15:39,483Z | INFO | Starting episode 73: [terran, zerg] on FindAndDefeatZerglings
2025-10-19 11:15:40,511Z | INFO | Episode 73 finished after 1184 game steps. Outcome: [-1], reward: [-1], score: [2]
2025-10-19 11:15:40,535Z | INFO | Starting episode 74: [terran, zerg] on FindAndDefeatZerglings
2025-10-19 11:15:41,107Z | INFO | Episode 74 finished after 656 game steps. Outcome: [-1], reward: [-1], score: [-1]
2025-10-19 11:15:41,128Z | INFO | Starting episode 75: [terran, zerg] on FindAndDefeatZerglings
2025-10-19 11:15:43,699Z | INFO | Episode 75 finished after 2880 game steps. Outcome: [1], reward: [0], score: [9]
2025-10-19 11:15:43,729Z | INFO | Starting episode 76: [terran, zerg] on FindAndDefeatZerglings
2025-10-19 11:15:46,343Z | INFO | Episode 76 finished after 2880 game steps. Outcome: [1], reward: [0], score: [8]
2025-10-19 11:15:46,367Z | INFO | Starting episode 77: [terran, zerg] on FindAndDefeatZerglings
2025-10-19 11:15:47,334Z | INFO | Episode 77 finished after 1040 game steps. Outcome: [-1], reward: [-1], score: [3]
2025-10-19 11:15:47,357Z | INFO | Starting episode 78: [terran, zerg] on FindAndDefeatZerglings
2025-10-19 11:15:49,996Z | INFO | Episode 78 finished after 2880 game steps. Outcome: [1], reward: [0], score: [12]
2025-10-19 11:15:50,025Z | INFO | Starting episode 79: [terran, zerg] on FindAndDefeatZerglings
2025-10-19 11:15:51,362Z | INFO | Episode 79 finished after 1520 game steps. Outcome: [-1], reward: [-1], score: [4]
2025-10-19 11:15:51,387Z | INFO | Starting episode 80: [terran, zerg] on FindAndDefeatZerglings
2025-10-19 11:15:53,877Z | INFO | Episode 80 finished after 2880 game steps. Outcome: [1], reward: [0], score: [8]
2025-10-19 11:15:53,903Z | INFO | Starting episode 81: [terran, zerg] on FindAndDefeatZerglings
2025-10-19 11:15:54,282Z | INFO | Episode 81 finished after 432 game steps. Outcome: [-1], reward: [-1], score: [0]
2025-10-19 11:15:54,304Z | INFO | Starting episode 82: [terran, zerg] on FindAndDefeatZerglings
2025-10-19 11:15:55,950Z | INFO | Episode 82 finished after 1904 game steps. Outcome: [-1], reward: [-1], score: [10]
2025-10-19 11:15:55,973Z | INFO | Starting episode 83: [terran, zerg] on FindAndDefeatZerglings
2025-10-19 11:15:57,187Z | INFO | Episode 83 finished after 1408 game steps. Outcome: [-1], reward: [-1], score: [6]
2025-10-19 11:15:57,209Z | INFO | Starting episode 84: [terran, zerg] on FindAndDefeatZerglings
2025-10-19 11:15:59,343Z | INFO | Episode 84 finished after 2496 game steps. Outcome: [-1], reward: [-1], score: [7]
2025-10-19 11:15:59,366Z | INFO | Starting episode 85: [terran, zerg] on FindAndDefeatZerglings
2025-10-19 11:16:01,666Z | INFO | Episode 85 finished after 2704 game steps. Outcome: [-1], reward: [-1], score: [10]
2025-10-19 11:16:01,689Z | INFO | Starting episode 86: [terran, zerg] on FindAndDefeatZerglings
2025-10-19 11:16:04,140Z | INFO | Episode 86 finished after 2880 game steps. Outcome: [1], reward: [0], score: [12]
2025-10-19 11:16:04,163Z | INFO | Starting episode 87: [terran, zerg] on FindAndDefeatZerglings
2025-10-19 11:16:06,757Z | INFO | Episode 87 finished after 2880 game steps. Outcome: [1], reward: [0], score: [8]
2025-10-19 11:16:06,789Z | INFO | Starting episode 88: [terran, zerg] on FindAndDefeatZerglings
2025-10-19 11:16:09,402Z | INFO | Episode 88 finished after 2880 game steps. Outcome: [1], reward: [0], score: [9]
2025-10-19 11:16:09,426Z | INFO | Starting episode 89: [terran, zerg] on FindAndDefeatZerglings
2025-10-19 11:16:10,007Z | INFO | Episode 89 finished after 656 game steps. Outcome: [-1], reward: [-1], score: [0]
2025-10-19 11:16:10,029Z | INFO | Starting episode 90: [terran, zerg] on FindAndDefeatZerglings
2025-10-19 11:16:12,481Z | INFO | Episode 90 finished after 2880 game steps. Outcome: [1], reward: [0], score: [9]
2025-10-19 11:16:12,511Z | INFO | Starting episode 91: [terran, zerg] on FindAndDefeatZerglings
2025-10-19 11:16:14,921Z | INFO | Episode 91 finished after 2880 game steps. Outcome: [1], reward: [0], score: [8]
2025-10-19 11:16:14,948Z | INFO | Starting episode 92: [terran, zerg] on FindAndDefeatZerglings
2025-10-19 11:16:17,450Z | INFO | Episode 92 finished after 2880 game steps. Outcome: [1], reward: [0], score: [12]
2025-10-19 11:16:17,474Z | INFO | Starting episode 93: [terran, zerg] on FindAndDefeatZerglings
2025-10-19 11:16:19,966Z | INFO | Episode 93 finished after 2880 game steps. Outcome: [1], reward: [0], score: [8]
2025-10-19 11:16:19,990Z | INFO | Starting episode 94: [terran, zerg] on FindAndDefeatZerglings
2025-10-19 11:16:22,477Z | INFO | Episode 94 finished after 2880 game steps. Outcome: [1], reward: [0], score: [11]
2025-10-19 11:16:22,501Z | INFO | Starting episode 95: [terran, zerg] on FindAndDefeatZerglings
2025-10-19 11:16:24,132Z | INFO | Episode 95 finished after 1904 game steps. Outcome: [-1], reward: [-1], score: [6]
2025-10-19 11:16:24,155Z | INFO | Starting episode 96: [terran, zerg] on FindAndDefeatZerglings
2025-10-19 11:16:25,002Z | INFO | Episode 96 finished after 992 game steps. Outcome: [-1], reward: [-1], score: [1]
2025-10-19 11:16:25,023Z | INFO | Starting episode 97: [terran, zerg] on FindAndDefeatZerglings
2025-10-19 11:16:27,471Z | INFO | Episode 97 finished after 2880 game steps. Outcome: [1], reward: [0], score: [11]
2025-10-19 11:16:27,494Z | INFO | Starting episode 98: [terran, zerg] on FindAndDefeatZerglings
2025-10-19 11:16:29,965Z | INFO | Episode 98 finished after 2880 game steps. Outcome: [1], reward: [0], score: [8]
2025-10-19 11:16:30,006Z | INFO | Starting episode 99: [terran, zerg] on FindAndDefeatZerglings
2025-10-19 11:16:32,450Z | INFO | Episode 99 finished after 2880 game steps. Outcome: [1], reward: [0], score: [9]
2025-10-19 11:16:32,473Z | INFO | Starting episode 100: [terran, zerg] on FindAndDefeatZerglings
2025-10-19 11:16:33,943Z | INFO | Episode 100 finished after 1712 game steps. Outcome: [-1], reward: [-1], score: [4]
2025-10-19 11:16:33,953Z | INFO | Ep 100: reward=349.89 avg_loss=0.5221 wins=2
2025-10-19 11:16:33,953Z | INFO | LR scheduler step: episode=100, lr=3.775000e-05
2025-10-19 11:16:35,413Z | INFO | Starting episode 101: [terran, zerg] on FindAndDefeatZerglings
2025-10-19 11:16:37,920Z | INFO | Episode 101 finished after 2880 game steps. Outcome: [1], reward: [0], score: [9]
2025-10-19 11:16:37,948Z | INFO | Starting episode 102: [terran, zerg] on FindAndDefeatZerglings
2025-10-19 11:16:40,442Z | INFO | Episode 102 finished after 2880 game steps. Outcome: [1], reward: [0], score: [10]
2025-10-19 11:16:40,465Z | INFO | Starting episode 103: [terran, zerg] on FindAndDefeatZerglings
2025-10-19 11:16:42,972Z | INFO | Episode 103 finished after 2880 game steps. Outcome: [1], reward: [0], score: [10]
2025-10-19 11:16:42,996Z | INFO | Starting episode 104: [terran, zerg] on FindAndDefeatZerglings
2025-10-19 11:16:43,682Z | INFO | Episode 104 finished after 752 game steps. Outcome: [-1], reward: [-1], score: [1]
2025-10-19 11:16:43,703Z | INFO | Starting episode 105: [terran, zerg] on FindAndDefeatZerglings
2025-10-19 11:16:46,183Z | INFO | Episode 105 finished after 2880 game steps. Outcome: [1], reward: [0], score: [10]
2025-10-19 11:16:46,205Z | INFO | Starting episode 106: [terran, zerg] on FindAndDefeatZerglings
2025-10-19 11:16:46,636Z | INFO | Episode 106 finished after 496 game steps. Outcome: [-1], reward: [-1], score: [0]
2025-10-19 11:16:46,657Z | INFO | Starting episode 107: [terran, zerg] on FindAndDefeatZerglings
2025-10-19 11:16:47,064Z | INFO | Episode 107 finished after 448 game steps. Outcome: [-1], reward: [-1], score: [0]
2025-10-19 11:16:47,085Z | INFO | Starting episode 108: [terran, zerg] on FindAndDefeatZerglings
2025-10-19 11:16:48,362Z | INFO | Episode 108 finished after 1488 game steps. Outcome: [-1], reward: [-1], score: [2]
2025-10-19 11:16:48,383Z | INFO | Starting episode 109: [terran, zerg] on FindAndDefeatZerglings
2025-10-19 11:16:49,828Z | INFO | Episode 109 finished after 1648 game steps. Outcome: [-1], reward: [-1], score: [4]
2025-10-19 11:16:49,849Z | INFO | Starting episode 110: [terran, zerg] on FindAndDefeatZerglings
2025-10-19 11:16:50,422Z | INFO | Episode 110 finished after 656 game steps. Outcome: [-1], reward: [-1], score: [0]
2025-10-19 11:16:50,443Z | INFO | Starting episode 111: [terran, zerg] on FindAndDefeatZerglings
2025-10-19 11:16:50,860Z | INFO | Episode 111 finished after 480 game steps. Outcome: [-1], reward: [-1], score: [0]
2025-10-19 11:16:50,881Z | INFO | Starting episode 112: [terran, zerg] on FindAndDefeatZerglings
2025-10-19 11:16:53,351Z | INFO | Episode 112 finished after 2880 game steps. Outcome: [1], reward: [0], score: [8]
2025-10-19 11:16:53,373Z | INFO | Starting episode 113: [terran, zerg] on FindAndDefeatZerglings
2025-10-19 11:16:54,602Z | INFO | Episode 113 finished after 1456 game steps. Outcome: [-1], reward: [-1], score: [5]
2025-10-19 11:16:54,623Z | INFO | Starting episode 114: [terran, zerg] on FindAndDefeatZerglings
2025-10-19 11:16:56,167Z | INFO | Episode 114 finished after 1824 game steps. Outcome: [-1], reward: [-1], score: [2]
2025-10-19 11:16:56,188Z | INFO | Starting episode 115: [terran, zerg] on FindAndDefeatZerglings
2025-10-19 11:16:57,205Z | INFO | Episode 115 finished after 1216 game steps. Outcome: [-1], reward: [-1], score: [3]
2025-10-19 11:16:57,226Z | INFO | Starting episode 116: [terran, zerg] on FindAndDefeatZerglings
2025-10-19 11:16:57,728Z | INFO | Episode 116 finished after 592 game steps. Outcome: [-1], reward: [-1], score: [-1]
2025-10-19 11:16:57,749Z | INFO | Starting episode 117: [terran, zerg] on FindAndDefeatZerglings
2025-10-19 11:17:00,152Z | INFO | Episode 117 finished after 2880 game steps. Outcome: [1], reward: [0], score: [6]
2025-10-19 11:17:00,173Z | INFO | Starting episode 118: [terran, zerg] on FindAndDefeatZerglings
2025-10-19 11:17:02,435Z | INFO | Episode 118 finished after 2656 game steps. Outcome: [-1], reward: [-1], score: [7]
2025-10-19 11:17:02,457Z | INFO | Starting episode 119: [terran, zerg] on FindAndDefeatZerglings
2025-10-19 11:17:04,907Z | INFO | Episode 119 finished after 2880 game steps. Outcome: [1], reward: [0], score: [12]
2025-10-19 11:17:07,646Z | INFO | Starting episode 120: [terran, zerg] on FindAndDefeatZerglings
2025-10-19 11:17:08,796Z | INFO | Episode 120 finished after 1152 game steps. Outcome: [-1], reward: [-1], score: [5]
2025-10-19 11:17:08,821Z | INFO | Starting episode 121: [terran, zerg] on FindAndDefeatZerglings
2025-10-19 11:17:10,304Z | INFO | Episode 121 finished after 1632 game steps. Outcome: [-1], reward: [-1], score: [6]
2025-10-19 11:17:10,328Z | INFO | Starting episode 122: [terran, zerg] on FindAndDefeatZerglings
2025-10-19 11:17:11,534Z | INFO | Episode 122 finished after 1280 game steps. Outcome: [-1], reward: [-1], score: [7]
2025-10-19 11:17:11,558Z | INFO | Starting episode 123: [terran, zerg] on FindAndDefeatZerglings
2025-10-19 11:17:14,227Z | INFO | Episode 123 finished after 2880 game steps. Outcome: [1], reward: [0], score: [12]
2025-10-19 11:17:14,252Z | INFO | Starting episode 124: [terran, zerg] on FindAndDefeatZerglings
2025-10-19 11:17:16,220Z | INFO | Episode 124 finished after 2144 game steps. Outcome: [-1], reward: [-1], score: [7]
2025-10-19 11:17:16,246Z | INFO | Starting episode 125: [terran, zerg] on FindAndDefeatZerglings
2025-10-19 11:17:18,887Z | INFO | Episode 125 finished after 2880 game steps. Outcome: [1], reward: [0], score: [10]
2025-10-19 11:17:18,912Z | INFO | Starting episode 126: [terran, zerg] on FindAndDefeatZerglings
2025-10-19 11:17:20,793Z | INFO | Episode 126 finished after 2048 game steps. Outcome: [-1], reward: [-1], score: [7]
2025-10-19 11:17:20,818Z | INFO | Starting episode 127: [terran, zerg] on FindAndDefeatZerglings
2025-10-19 11:17:23,394Z | INFO | Episode 127 finished after 2880 game steps. Outcome: [1], reward: [0], score: [10]
2025-10-19 11:17:23,419Z | INFO | Starting episode 128: [terran, zerg] on FindAndDefeatZerglings
2025-10-19 11:17:24,877Z | INFO | Episode 128 finished after 1584 game steps. Outcome: [-1], reward: [-1], score: [4]
2025-10-19 11:17:24,903Z | INFO | Starting episode 129: [terran, zerg] on FindAndDefeatZerglings
2025-10-19 11:17:27,534Z | INFO | Episode 129 finished after 2880 game steps. Outcome: [1], reward: [0], score: [10]
2025-10-19 11:17:27,559Z | INFO | Starting episode 130: [terran, zerg] on FindAndDefeatZerglings
2025-10-19 11:17:28,954Z | INFO | Episode 130 finished after 1520 game steps. Outcome: [-1], reward: [-1], score: [2]
2025-10-19 11:17:28,987Z | INFO | Starting episode 131: [terran, zerg] on FindAndDefeatZerglings
2025-10-19 11:17:29,857Z | INFO | Episode 131 finished after 912 game steps. Outcome: [-1], reward: [-1], score: [3]
2025-10-19 11:17:29,882Z | INFO | Starting episode 132: [terran, zerg] on FindAndDefeatZerglings
2025-10-19 11:17:32,609Z | INFO | Episode 132 finished after 2880 game steps. Outcome: [1], reward: [0], score: [13]
2025-10-19 11:17:32,637Z | INFO | Starting episode 133: [terran, zerg] on FindAndDefeatZerglings
2025-10-19 11:17:35,325Z | INFO | Episode 133 finished after 2880 game steps. Outcome: [1], reward: [0], score: [12]
2025-10-19 11:17:35,350Z | INFO | Starting episode 134: [terran, zerg] on FindAndDefeatZerglings
2025-10-19 11:17:38,039Z | INFO | Episode 134 finished after 2880 game steps. Outcome: [1], reward: [0], score: [10]
2025-10-19 11:17:38,078Z | INFO | Starting episode 135: [terran, zerg] on FindAndDefeatZerglings
2025-10-19 11:17:40,060Z | INFO | Episode 135 finished after 2128 game steps. Outcome: [-1], reward: [-1], score: [3]
2025-10-19 11:17:40,086Z | INFO | Starting episode 136: [terran, zerg] on FindAndDefeatZerglings
2025-10-19 11:17:41,185Z | INFO | Episode 136 finished after 1152 game steps. Outcome: [-1], reward: [-1], score: [5]
2025-10-19 11:17:41,210Z | INFO | Starting episode 137: [terran, zerg] on FindAndDefeatZerglings
2025-10-19 11:17:43,860Z | INFO | Episode 137 finished after 2880 game steps. Outcome: [1], reward: [0], score: [7]
2025-10-19 11:17:43,884Z | INFO | Starting episode 138: [terran, zerg] on FindAndDefeatZerglings
2025-10-19 11:17:46,319Z | INFO | Episode 138 finished after 2624 game steps. Outcome: [-1], reward: [-1], score: [7]
2025-10-19 11:17:46,342Z | INFO | Starting episode 139: [terran, zerg] on FindAndDefeatZerglings
2025-10-19 11:17:48,227Z | INFO | Episode 139 finished after 2144 game steps. Outcome: [-1], reward: [-1], score: [5]
2025-10-19 11:17:48,250Z | INFO | Starting episode 140: [terran, zerg] on FindAndDefeatZerglings
2025-10-19 11:17:50,764Z | INFO | Episode 140 finished after 2880 game steps. Outcome: [1], reward: [0], score: [9]
2025-10-19 11:17:50,787Z | INFO | Starting episode 141: [terran, zerg] on FindAndDefeatZerglings
2025-10-19 11:17:53,331Z | INFO | Episode 141 finished after 2880 game steps. Outcome: [1], reward: [0], score: [8]
2025-10-19 11:17:53,361Z | INFO | Starting episode 142: [terran, zerg] on FindAndDefeatZerglings
2025-10-19 11:17:55,307Z | INFO | Episode 142 finished after 2144 game steps. Outcome: [-1], reward: [0], score: [7]
2025-10-19 11:17:55,332Z | INFO | Starting episode 143: [terran, zerg] on FindAndDefeatZerglings
2025-10-19 11:17:56,503Z | INFO | Episode 143 finished after 1248 game steps. Outcome: [-1], reward: [-1], score: [3]
2025-10-19 11:17:56,526Z | INFO | Starting episode 144: [terran, zerg] on FindAndDefeatZerglings
2025-10-19 11:17:58,956Z | INFO | Episode 144 finished after 2576 game steps. Outcome: [-1], reward: [-1], score: [9]
2025-10-19 11:17:58,985Z | INFO | Starting episode 145: [terran, zerg] on FindAndDefeatZerglings
2025-10-19 11:18:00,224Z | INFO | Episode 145 finished after 1296 game steps. Outcome: [-1], reward: [-1], score: [3]
2025-10-19 11:18:00,248Z | INFO | Starting episode 146: [terran, zerg] on FindAndDefeatZerglings
2025-10-19 11:18:02,930Z | INFO | Episode 146 finished after 2880 game steps. Outcome: [1], reward: [0], score: [10]
2025-10-19 11:18:02,954Z | INFO | Starting episode 147: [terran, zerg] on FindAndDefeatZerglings
2025-10-19 11:18:03,748Z | INFO | Episode 147 finished after 848 game steps. Outcome: [-1], reward: [-1], score: [1]
2025-10-19 11:18:03,776Z | INFO | Starting episode 148: [terran, zerg] on FindAndDefeatZerglings
2025-10-19 11:18:06,445Z | INFO | Episode 148 finished after 2880 game steps. Outcome: [1], reward: [0], score: [10]
2025-10-19 11:18:06,471Z | INFO | Starting episode 149: [terran, zerg] on FindAndDefeatZerglings
2025-10-19 11:18:06,987Z | INFO | Episode 149 finished after 528 game steps. Outcome: [-1], reward: [-1], score: [1]
2025-10-19 11:18:07,010Z | INFO | Starting episode 150: [terran, zerg] on FindAndDefeatZerglings
2025-10-19 11:18:08,125Z | INFO | Episode 150 finished after 1168 game steps. Outcome: [-1], reward: [-1], score: [4]
2025-10-19 11:18:08,136Z | INFO | Ep 150: reward=349.93 avg_loss=0.5279 wins=2
2025-10-19 11:18:08,154Z | INFO | Starting episode 151: [terran, zerg] on FindAndDefeatZerglings
2025-10-19 11:18:09,268Z | INFO | Episode 151 finished after 1184 game steps. Outcome: [-1], reward: [-1], score: [5]
2025-10-19 11:18:09,293Z | INFO | Starting episode 152: [terran, zerg] on FindAndDefeatZerglings
2025-10-19 11:18:10,021Z | INFO | Episode 152 finished after 752 game steps. Outcome: [-1], reward: [-1], score: [1]
2025-10-19 11:18:10,046Z | INFO | Starting episode 153: [terran, zerg] on FindAndDefeatZerglings
2025-10-19 11:18:12,722Z | INFO | Episode 153 finished after 2880 game steps. Outcome: [1], reward: [0], score: [9]
2025-10-19 11:18:12,745Z | INFO | Starting episode 154: [terran, zerg] on FindAndDefeatZerglings
2025-10-19 11:18:14,382Z | INFO | Episode 154 finished after 1760 game steps. Outcome: [-1], reward: [-1], score: [4]
2025-10-19 11:18:14,410Z | INFO | Starting episode 155: [terran, zerg] on FindAndDefeatZerglings
2025-10-19 11:18:17,242Z | INFO | Episode 155 finished after 2880 game steps. Outcome: [1], reward: [0], score: [9]
2025-10-19 11:18:17,268Z | INFO | Starting episode 156: [terran, zerg] on FindAndDefeatZerglings
2025-10-19 11:18:19,608Z | INFO | Episode 156 finished after 2528 game steps. Outcome: [-1], reward: [-1], score: [6]
2025-10-19 11:18:19,632Z | INFO | Starting episode 157: [terran, zerg] on FindAndDefeatZerglings
2025-10-19 11:18:22,252Z | INFO | Episode 157 finished after 2880 game steps. Outcome: [1], reward: [1], score: [13]
2025-10-19 11:18:22,282Z | INFO | Starting episode 158: [terran, zerg] on FindAndDefeatZerglings
2025-10-19 11:18:24,696Z | INFO | Episode 158 finished after 2608 game steps. Outcome: [-1], reward: [-1], score: [5]
2025-10-19 11:18:24,721Z | INFO | Starting episode 159: [terran, zerg] on FindAndDefeatZerglings
2025-10-19 11:18:27,371Z | INFO | Episode 159 finished after 2880 game steps. Outcome: [1], reward: [0], score: [8]
2025-10-19 11:18:27,395Z | INFO | Starting episode 160: [terran, zerg] on FindAndDefeatZerglings
2025-10-19 11:18:28,497Z | INFO | Episode 160 finished after 1168 game steps. Outcome: [-1], reward: [-1], score: [4]
2025-10-19 11:18:28,525Z | INFO | Starting episode 161: [terran, zerg] on FindAndDefeatZerglings
2025-10-19 11:18:31,190Z | INFO | Episode 161 finished after 2880 game steps. Outcome: [1], reward: [0], score: [11]
2025-10-19 11:18:31,214Z | INFO | Starting episode 162: [terran, zerg] on FindAndDefeatZerglings
2025-10-19 11:18:33,803Z | INFO | Episode 162 finished after 2880 game steps. Outcome: [1], reward: [0], score: [10]
2025-10-19 11:18:33,828Z | INFO | Starting episode 163: [terran, zerg] on FindAndDefeatZerglings
2025-10-19 11:18:36,018Z | INFO | Episode 163 finished after 2496 game steps. Outcome: [-1], reward: [-1], score: [9]
2025-10-19 11:18:36,041Z | INFO | Starting episode 164: [terran, zerg] on FindAndDefeatZerglings
2025-10-19 11:18:36,743Z | INFO | Episode 164 finished after 784 game steps. Outcome: [-1], reward: [-1], score: [1]
2025-10-19 11:18:36,765Z | INFO | Starting episode 165: [terran, zerg] on FindAndDefeatZerglings
2025-10-19 11:18:39,410Z | INFO | Episode 165 finished after 2880 game steps. Outcome: [1], reward: [0], score: [10]
2025-10-19 11:18:39,439Z | INFO | Starting episode 166: [terran, zerg] on FindAndDefeatZerglings
2025-10-19 11:18:42,087Z | INFO | Episode 166 finished after 2880 game steps. Outcome: [1], reward: [0], score: [12]
2025-10-19 11:18:42,111Z | INFO | Starting episode 167: [terran, zerg] on FindAndDefeatZerglings
2025-10-19 11:18:44,778Z | INFO | Episode 167 finished after 2816 game steps. Outcome: [-1], reward: [-1], score: [6]
2025-10-19 11:18:44,805Z | INFO | Starting episode 168: [terran, zerg] on FindAndDefeatZerglings
2025-10-19 11:18:46,841Z | INFO | Episode 168 finished after 2176 game steps. Outcome: [-1], reward: [-1], score: [9]
2025-10-19 11:18:46,864Z | INFO | Starting episode 169: [terran, zerg] on FindAndDefeatZerglings
2025-10-19 11:18:49,124Z | INFO | Episode 169 finished after 2400 game steps. Outcome: [-1], reward: [-1], score: [8]
2025-10-19 11:18:49,147Z | INFO | Starting episode 170: [terran, zerg] on FindAndDefeatZerglings
2025-10-19 11:18:50,274Z | INFO | Episode 170 finished after 1184 game steps. Outcome: [-1], reward: [-1], score: [3]
2025-10-19 11:18:50,297Z | INFO | Starting episode 171: [terran, zerg] on FindAndDefeatZerglings
2025-10-19 11:18:51,527Z | INFO | Episode 171 finished after 1344 game steps. Outcome: [-1], reward: [-1], score: [2]
2025-10-19 11:18:51,551Z | INFO | Starting episode 172: [terran, zerg] on FindAndDefeatZerglings
2025-10-19 11:18:54,318Z | INFO | Episode 172 finished after 2880 game steps. Outcome: [1], reward: [0], score: [6]
2025-10-19 11:18:54,347Z | INFO | Starting episode 173: [terran, zerg] on FindAndDefeatZerglings
2025-10-19 11:18:57,064Z | INFO | Episode 173 finished after 2880 game steps. Outcome: [1], reward: [0], score: [8]
2025-10-19 11:18:57,089Z | INFO | Starting episode 174: [terran, zerg] on FindAndDefeatZerglings
2025-10-19 11:18:59,775Z | INFO | Episode 174 finished after 2880 game steps. Outcome: [1], reward: [0], score: [8]
2025-10-19 11:18:59,799Z | INFO | Starting episode 175: [terran, zerg] on FindAndDefeatZerglings
2025-10-19 11:19:00,533Z | INFO | Episode 175 finished after 768 game steps. Outcome: [-1], reward: [-1], score: [2]
2025-10-19 11:19:00,557Z | INFO | Starting episode 176: [terran, zerg] on FindAndDefeatZerglings
2025-10-19 11:19:02,720Z | INFO | Episode 176 finished after 2336 game steps. Outcome: [-1], reward: [-1], score: [7]
2025-10-19 11:19:02,744Z | INFO | Starting episode 177: [terran, zerg] on FindAndDefeatZerglings
2025-10-19 11:19:04,583Z | INFO | Episode 177 finished after 1952 game steps. Outcome: [-1], reward: [-1], score: [4]
2025-10-19 11:19:04,607Z | INFO | Starting episode 178: [terran, zerg] on FindAndDefeatZerglings
2025-10-19 11:19:05,794Z | INFO | Episode 178 finished after 1280 game steps. Outcome: [-1], reward: [-1], score: [6]
2025-10-19 11:19:05,832Z | INFO | Starting episode 179: [terran, zerg] on FindAndDefeatZerglings
2025-10-19 11:19:08,464Z | INFO | Episode 179 finished after 2880 game steps. Outcome: [1], reward: [0], score: [15]
2025-10-19 11:19:08,494Z | INFO | Starting episode 180: [terran, zerg] on FindAndDefeatZerglings
2025-10-19 11:19:10,410Z | INFO | Episode 180 finished after 2176 game steps. Outcome: [-1], reward: [-1], score: [5]
2025-10-19 11:19:10,434Z | INFO | Starting episode 181: [terran, zerg] on FindAndDefeatZerglings
2025-10-19 11:19:11,935Z | INFO | Episode 181 finished after 1616 game steps. Outcome: [-1], reward: [-1], score: [2]
2025-10-19 11:19:11,971Z | INFO | Starting episode 182: [terran, zerg] on FindAndDefeatZerglings
2025-10-19 11:19:14,670Z | INFO | Episode 182 finished after 2880 game steps. Outcome: [1], reward: [0], score: [8]
2025-10-19 11:19:14,696Z | INFO | Starting episode 183: [terran, zerg] on FindAndDefeatZerglings
2025-10-19 11:19:16,019Z | INFO | Episode 183 finished after 1440 game steps. Outcome: [-1], reward: [-1], score: [5]
2025-10-19 11:19:16,042Z | INFO | Starting episode 184: [terran, zerg] on FindAndDefeatZerglings
2025-10-19 11:19:18,577Z | INFO | Episode 184 finished after 2880 game steps. Outcome: [1], reward: [0], score: [7]
2025-10-19 11:19:18,600Z | INFO | Starting episode 185: [terran, zerg] on FindAndDefeatZerglings
2025-10-19 11:19:21,261Z | INFO | Episode 185 finished after 2880 game steps. Outcome: [1], reward: [0], score: [11]
2025-10-19 11:19:21,285Z | INFO | Starting episode 186: [terran, zerg] on FindAndDefeatZerglings
2025-10-19 11:19:22,367Z | INFO | Episode 186 finished after 1184 game steps. Outcome: [-1], reward: [-1], score: [3]
2025-10-19 11:19:22,391Z | INFO | Starting episode 187: [terran, zerg] on FindAndDefeatZerglings
2025-10-19 11:19:25,098Z | INFO | Episode 187 finished after 2880 game steps. Outcome: [1], reward: [1], score: [11]
2025-10-19 11:19:25,121Z | INFO | Starting episode 188: [terran, zerg] on FindAndDefeatZerglings
2025-10-19 11:19:27,790Z | INFO | Episode 188 finished after 2880 game steps. Outcome: [1], reward: [0], score: [5]
2025-10-19 11:19:27,813Z | INFO | Starting episode 189: [terran, zerg] on FindAndDefeatZerglings
2025-10-19 11:19:29,905Z | INFO | Episode 189 finished after 2240 game steps. Outcome: [-1], reward: [-1], score: [5]
2025-10-19 11:19:29,928Z | INFO | Starting episode 190: [terran, zerg] on FindAndDefeatZerglings
2025-10-19 11:19:32,615Z | INFO | Episode 190 finished after 2880 game steps. Outcome: [1], reward: [0], score: [9]
2025-10-19 11:19:32,638Z | INFO | Starting episode 191: [terran, zerg] on FindAndDefeatZerglings
2025-10-19 11:19:35,319Z | INFO | Episode 191 finished after 2880 game steps. Outcome: [1], reward: [0], score: [11]
2025-10-19 11:19:35,342Z | INFO | Starting episode 192: [terran, zerg] on FindAndDefeatZerglings
2025-10-19 11:19:38,042Z | INFO | Episode 192 finished after 2880 game steps. Outcome: [1], reward: [0], score: [14]
2025-10-19 11:19:38,065Z | INFO | Starting episode 193: [terran, zerg] on FindAndDefeatZerglings
2025-10-19 11:19:40,688Z | INFO | Episode 193 finished after 2864 game steps. Outcome: [-1], reward: [-1], score: [5]
2025-10-19 11:19:40,719Z | INFO | Starting episode 194: [terran, zerg] on FindAndDefeatZerglings
2025-10-19 11:19:43,386Z | INFO | Episode 194 finished after 2880 game steps. Outcome: [1], reward: [0], score: [9]
2025-10-19 11:19:43,412Z | INFO | Starting episode 195: [terran, zerg] on FindAndDefeatZerglings
2025-10-19 11:19:44,736Z | INFO | Episode 195 finished after 1408 game steps. Outcome: [-1], reward: [-1], score: [8]
2025-10-19 11:19:44,762Z | INFO | Starting episode 196: [terran, zerg] on FindAndDefeatZerglings
2025-10-19 11:19:47,279Z | INFO | Episode 196 finished after 2880 game steps. Outcome: [1], reward: [1], score: [10]
2025-10-19 11:19:47,309Z | INFO | Starting episode 197: [terran, zerg] on FindAndDefeatZerglings
2025-10-19 11:19:48,814Z | INFO | Episode 197 finished after 1728 game steps. Outcome: [-1], reward: [-1], score: [6]
2025-10-19 11:19:48,837Z | INFO | Starting episode 198: [terran, zerg] on FindAndDefeatZerglings
2025-10-19 11:19:49,804Z | INFO | Episode 198 finished after 1088 game steps. Outcome: [-1], reward: [-1], score: [3]
2025-10-19 11:19:49,827Z | INFO | Starting episode 199: [terran, zerg] on FindAndDefeatZerglings
2025-10-19 11:19:51,164Z | INFO | Episode 199 finished after 1552 game steps. Outcome: [-1], reward: [-1], score: [4]
2025-10-19 11:19:51,186Z | INFO | Starting episode 200: [terran, zerg] on FindAndDefeatZerglings
2025-10-19 11:19:51,958Z | INFO | Episode 200 finished after 896 game steps. Outcome: [-1], reward: [-1], score: [1]
2025-10-19 11:19:51,967Z | INFO | Ep 200: reward=199.94 avg_loss=0.4855 wins=5
2025-10-19 11:19:51,967Z | INFO | LR scheduler step: episode=200, lr=1.325000e-05
2025-10-19 11:19:52,565Z | INFO | Starting episode 201: [terran, zerg] on FindAndDefeatZerglings
2025-10-19 11:19:55,021Z | INFO | Episode 201 finished after 2880 game steps. Outcome: [1], reward: [0], score: [11]
2025-10-19 11:19:55,042Z | INFO | Starting episode 202: [terran, zerg] on FindAndDefeatZerglings
2025-10-19 11:19:55,983Z | INFO | Episode 202 finished after 1072 game steps. Outcome: [-1], reward: [-1], score: [4]
2025-10-19 11:19:56,004Z | INFO | Starting episode 203: [terran, zerg] on FindAndDefeatZerglings
2025-10-19 11:19:58,086Z | INFO | Episode 203 finished after 2448 game steps. Outcome: [-1], reward: [-1], score: [4]
2025-10-19 11:19:58,107Z | INFO | Starting episode 204: [terran, zerg] on FindAndDefeatZerglings
2025-10-19 11:20:00,563Z | INFO | Episode 204 finished after 2880 game steps. Outcome: [1], reward: [0], score: [6]
2025-10-19 11:20:00,585Z | INFO | Starting episode 205: [terran, zerg] on FindAndDefeatZerglings
2025-10-19 11:20:01,595Z | INFO | Episode 205 finished after 1168 game steps. Outcome: [-1], reward: [-1], score: [0]
2025-10-19 11:20:01,617Z | INFO | Starting episode 206: [terran, zerg] on FindAndDefeatZerglings
2025-10-19 11:20:04,065Z | INFO | Episode 206 finished after 2880 game steps. Outcome: [1], reward: [0], score: [9]
2025-10-19 11:20:04,086Z | INFO | Starting episode 207: [terran, zerg] on FindAndDefeatZerglings
2025-10-19 11:20:06,545Z | INFO | Episode 207 finished after 2880 game steps. Outcome: [1], reward: [0], score: [9]
2025-10-19 11:20:06,567Z | INFO | Starting episode 208: [terran, zerg] on FindAndDefeatZerglings
2025-10-19 11:20:07,784Z | INFO | Episode 208 finished after 1440 game steps. Outcome: [-1], reward: [-1], score: [2]
2025-10-19 11:20:07,804Z | INFO | Starting episode 209: [terran, zerg] on FindAndDefeatZerglings
2025-10-19 11:20:09,862Z | INFO | Episode 209 finished after 2448 game steps. Outcome: [-1], reward: [-1], score: [6]
2025-10-19 11:20:09,893Z | INFO | Starting episode 210: [terran, zerg] on FindAndDefeatZerglings
2025-10-19 11:20:11,947Z | INFO | Episode 210 finished after 2032 game steps. Outcome: [-1], reward: [-1], score: [4]
2025-10-19 11:20:11,974Z | INFO | Starting episode 211: [terran, zerg] on FindAndDefeatZerglings
2025-10-19 11:20:14,216Z | INFO | Episode 211 finished after 2432 game steps. Outcome: [-1], reward: [-1], score: [7]
2025-10-19 11:20:14,248Z | INFO | Starting episode 212: [terran, zerg] on FindAndDefeatZerglings
2025-10-19 11:20:15,605Z | INFO | Episode 212 finished after 1440 game steps. Outcome: [-1], reward: [-1], score: [2]
2025-10-19 11:20:15,627Z | INFO | Starting episode 213: [terran, zerg] on FindAndDefeatZerglings
2025-10-19 11:20:18,198Z | INFO | Episode 213 finished after 2880 game steps. Outcome: [1], reward: [0], score: [8]
2025-10-19 11:20:18,226Z | INFO | Starting episode 214: [terran, zerg] on FindAndDefeatZerglings
2025-10-19 11:20:19,984Z | INFO | Episode 214 finished after 1728 game steps. Outcome: [-1], reward: [-1], score: [3]
2025-10-19 11:20:20,008Z | INFO | Starting episode 215: [terran, zerg] on FindAndDefeatZerglings
2025-10-19 11:20:21,139Z | INFO | Episode 215 finished after 1152 game steps. Outcome: [-1], reward: [-1], score: [3]
2025-10-19 11:20:21,162Z | INFO | Starting episode 216: [terran, zerg] on FindAndDefeatZerglings
2025-10-19 11:20:22,366Z | INFO | Episode 216 finished after 1248 game steps. Outcome: [-1], reward: [-1], score: [3]
2025-10-19 11:20:22,390Z | INFO | Starting episode 217: [terran, zerg] on FindAndDefeatZerglings
2025-10-19 11:20:24,282Z | INFO | Episode 217 finished after 1984 game steps. Outcome: [-1], reward: [-1], score: [5]
2025-10-19 11:20:24,306Z | INFO | Starting episode 218: [terran, zerg] on FindAndDefeatZerglings
2025-10-19 11:20:25,041Z | INFO | Episode 218 finished after 784 game steps. Outcome: [-1], reward: [-1], score: [1]
2025-10-19 11:20:25,065Z | INFO | Starting episode 219: [terran, zerg] on FindAndDefeatZerglings
2025-10-19 11:20:26,379Z | INFO | Episode 219 finished after 1488 game steps. Outcome: [-1], reward: [-1], score: [3]
2025-10-19 11:20:26,404Z | INFO | Starting episode 220: [terran, zerg] on FindAndDefeatZerglings
2025-10-19 11:20:28,135Z | INFO | Episode 220 finished after 1904 game steps. Outcome: [-1], reward: [-1], score: [4]
2025-10-19 11:20:28,160Z | INFO | Starting episode 221: [terran, zerg] on FindAndDefeatZerglings
2025-10-19 11:20:30,901Z | INFO | Episode 221 finished after 2880 game steps. Outcome: [1], reward: [0], score: [6]
2025-10-19 11:20:30,925Z | INFO | Starting episode 222: [terran, zerg] on FindAndDefeatZerglings
2025-10-19 11:20:33,659Z | INFO | Episode 222 finished after 2880 game steps. Outcome: [1], reward: [0], score: [11]
2025-10-19 11:20:33,691Z | INFO | Starting episode 223: [terran, zerg] on FindAndDefeatZerglings
2025-10-19 11:20:34,682Z | INFO | Episode 223 finished after 1008 game steps. Outcome: [-1], reward: [-1], score: [2]
2025-10-19 11:20:34,705Z | INFO | Starting episode 224: [terran, zerg] on FindAndDefeatZerglings
2025-10-19 11:20:37,180Z | INFO | Episode 224 finished after 2608 game steps. Outcome: [-1], reward: [-1], score: [5]
2025-10-19 11:20:37,204Z | INFO | Starting episode 225: [terran, zerg] on FindAndDefeatZerglings
2025-10-19 11:20:40,073Z | INFO | Episode 225 finished after 2880 game steps. Outcome: [1], reward: [0], score: [14]
2025-10-19 11:20:40,105Z | INFO | Starting episode 226: [terran, zerg] on FindAndDefeatZerglings
2025-10-19 11:20:42,737Z | INFO | Episode 226 finished after 2880 game steps. Outcome: [1], reward: [0], score: [9]
2025-10-19 11:20:42,760Z | INFO | Starting episode 227: [terran, zerg] on FindAndDefeatZerglings
2025-10-19 11:20:43,711Z | INFO | Episode 227 finished after 1024 game steps. Outcome: [-1], reward: [-1], score: [2]
2025-10-19 11:20:43,733Z | INFO | Starting episode 228: [terran, zerg] on FindAndDefeatZerglings
2025-10-19 11:20:46,417Z | INFO | Episode 228 finished after 2880 game steps. Outcome: [1], reward: [0], score: [7]
2025-10-19 11:20:46,448Z | INFO | Starting episode 229: [terran, zerg] on FindAndDefeatZerglings
2025-10-19 11:20:47,849Z | INFO | Episode 229 finished after 1472 game steps. Outcome: [-1], reward: [-1], score: [2]
2025-10-19 11:20:47,873Z | INFO | Starting episode 230: [terran, zerg] on FindAndDefeatZerglings
2025-10-19 11:20:50,597Z | INFO | Episode 230 finished after 2880 game steps. Outcome: [1], reward: [0], score: [8]
2025-10-19 11:20:50,622Z | INFO | Starting episode 231: [terran, zerg] on FindAndDefeatZerglings
2025-10-19 11:20:51,872Z | INFO | Episode 231 finished after 1296 game steps. Outcome: [-1], reward: [-1], score: [1]
2025-10-19 11:20:51,894Z | INFO | Starting episode 232: [terran, zerg] on FindAndDefeatZerglings
2025-10-19 11:20:54,681Z | INFO | Episode 232 finished after 2880 game steps. Outcome: [1], reward: [0], score: [11]
2025-10-19 11:20:54,705Z | INFO | Starting episode 233: [terran, zerg] on FindAndDefeatZerglings
2025-10-19 11:20:55,644Z | INFO | Episode 233 finished after 960 game steps. Outcome: [-1], reward: [-1], score: [3]
2025-10-19 11:20:55,667Z | INFO | Starting episode 234: [terran, zerg] on FindAndDefeatZerglings
2025-10-19 11:20:58,007Z | INFO | Episode 234 finished after 2448 game steps. Outcome: [-1], reward: [-1], score: [3]
2025-10-19 11:20:58,031Z | INFO | Starting episode 235: [terran, zerg] on FindAndDefeatZerglings
2025-10-19 11:20:59,621Z | INFO | Episode 235 finished after 1328 game steps. Outcome: [-1], reward: [-1], score: [1]
2025-10-19 11:20:59,644Z | INFO | Starting episode 236: [terran, zerg] on FindAndDefeatZerglings
2025-10-19 11:21:00,346Z | INFO | Episode 236 finished after 752 game steps. Outcome: [-1], reward: [-1], score: [1]
2025-10-19 11:21:00,376Z | INFO | Starting episode 237: [terran, zerg] on FindAndDefeatZerglings
2025-10-19 11:21:02,997Z | INFO | Episode 237 finished after 2880 game steps. Outcome: [1], reward: [0], score: [6]
2025-10-19 11:21:03,021Z | INFO | Starting episode 238: [terran, zerg] on FindAndDefeatZerglings
2025-10-19 11:21:05,201Z | INFO | Episode 238 finished after 2192 game steps. Outcome: [-1], reward: [-1], score: [9]
2025-10-19 11:21:05,226Z | INFO | Starting episode 239: [terran, zerg] on FindAndDefeatZerglings
2025-10-19 11:21:07,938Z | INFO | Episode 239 finished after 2880 game steps. Outcome: [1], reward: [0], score: [12]
2025-10-19 11:21:07,962Z | INFO | Starting episode 240: [terran, zerg] on FindAndDefeatZerglings
2025-10-19 11:21:10,790Z | INFO | Episode 240 finished after 2880 game steps. Outcome: [1], reward: [0], score: [8]
2025-10-19 11:21:10,821Z | INFO | Starting episode 241: [terran, zerg] on FindAndDefeatZerglings
2025-10-19 11:21:13,506Z | INFO | Episode 241 finished after 2880 game steps. Outcome: [1], reward: [0], score: [7]
2025-10-19 11:21:13,530Z | INFO | Starting episode 242: [terran, zerg] on FindAndDefeatZerglings
2025-10-19 11:21:14,767Z | INFO | Episode 242 finished after 1296 game steps. Outcome: [-1], reward: [-1], score: [3]
2025-10-19 11:21:17,484Z | INFO | Starting episode 243: [terran, zerg] on FindAndDefeatZerglings
2025-10-19 11:21:19,278Z | INFO | Episode 243 finished after 1904 game steps. Outcome: [-1], reward: [-1], score: [4]
2025-10-19 11:21:19,310Z | INFO | Starting episode 244: [terran, zerg] on FindAndDefeatZerglings
2025-10-19 11:21:21,983Z | INFO | Episode 244 finished after 2880 game steps. Outcome: [1], reward: [0], score: [8]
2025-10-19 11:21:22,008Z | INFO | Starting episode 245: [terran, zerg] on FindAndDefeatZerglings
2025-10-19 11:21:22,972Z | INFO | Episode 245 finished after 1024 game steps. Outcome: [-1], reward: [-1], score: [3]
2025-10-19 11:21:22,995Z | INFO | Starting episode 246: [terran, zerg] on FindAndDefeatZerglings
2025-10-19 11:21:25,015Z | INFO | Episode 246 finished after 2112 game steps. Outcome: [-1], reward: [-1], score: [3]
2025-10-19 11:21:25,040Z | INFO | Starting episode 247: [terran, zerg] on FindAndDefeatZerglings
2025-10-19 11:21:26,605Z | INFO | Episode 247 finished after 1696 game steps. Outcome: [-1], reward: [-1], score: [2]
2025-10-19 11:21:26,629Z | INFO | Starting episode 248: [terran, zerg] on FindAndDefeatZerglings
2025-10-19 11:21:29,364Z | INFO | Episode 248 finished after 2880 game steps. Outcome: [1], reward: [0], score: [12]
2025-10-19 11:21:29,388Z | INFO | Starting episode 249: [terran, zerg] on FindAndDefeatZerglings
2025-10-19 11:21:32,175Z | INFO | Episode 249 finished after 2880 game steps. Outcome: [1], reward: [0], score: [9]
2025-10-19 11:21:32,198Z | INFO | Starting episode 250: [terran, zerg] on FindAndDefeatZerglings
2025-10-19 11:21:34,915Z | INFO | Episode 250 finished after 2880 game steps. Outcome: [1], reward: [0], score: [8]
2025-10-19 11:21:34,926Z | INFO | Ep 250: reward=449.82 avg_loss=0.5764 wins=5
2025-10-19 11:21:34,946Z | INFO | Starting episode 251: [terran, zerg] on FindAndDefeatZerglings
2025-10-19 11:21:37,726Z | INFO | Episode 251 finished after 2880 game steps. Outcome: [1], reward: [0], score: [10]
2025-10-19 11:21:37,752Z | INFO | Starting episode 252: [terran, zerg] on FindAndDefeatZerglings
2025-10-19 11:21:40,561Z | INFO | Episode 252 finished after 2880 game steps. Outcome: [1], reward: [0], score: [10]
2025-10-19 11:21:40,591Z | INFO | Starting episode 253: [terran, zerg] on FindAndDefeatZerglings
2025-10-19 11:21:43,306Z | INFO | Episode 253 finished after 2880 game steps. Outcome: [1], reward: [0], score: [9]
2025-10-19 11:21:43,331Z | INFO | Starting episode 254: [terran, zerg] on FindAndDefeatZerglings
2025-10-19 11:21:44,251Z | INFO | Episode 254 finished after 960 game steps. Outcome: [-1], reward: [-1], score: [1]
2025-10-19 11:21:44,274Z | INFO | Starting episode 255: [terran, zerg] on FindAndDefeatZerglings
2025-10-19 11:21:46,635Z | INFO | Episode 255 finished after 2480 game steps. Outcome: [-1], reward: [-1], score: [9]
2025-10-19 11:21:46,659Z | INFO | Starting episode 256: [terran, zerg] on FindAndDefeatZerglings
2025-10-19 11:21:47,137Z | INFO | Episode 256 finished after 512 game steps. Outcome: [-1], reward: [-1], score: [0]
2025-10-19 11:21:47,159Z | INFO | Starting episode 257: [terran, zerg] on FindAndDefeatZerglings
2025-10-19 11:21:47,499Z | INFO | Episode 257 finished after 368 game steps. Outcome: [-1], reward: [-1], score: [-1]
2025-10-19 11:21:47,520Z | INFO | Starting episode 258: [terran, zerg] on FindAndDefeatZerglings
2025-10-19 11:21:50,330Z | INFO | Episode 258 finished after 2880 game steps. Outcome: [1], reward: [0], score: [14]
2025-10-19 11:21:50,354Z | INFO | Starting episode 259: [terran, zerg] on FindAndDefeatZerglings
2025-10-19 11:21:53,130Z | INFO | Episode 259 finished after 2880 game steps. Outcome: [1], reward: [0], score: [10]
2025-10-19 11:21:53,154Z | INFO | Starting episode 260: [terran, zerg] on FindAndDefeatZerglings
2025-10-19 11:21:54,368Z | INFO | Episode 260 finished after 1264 game steps. Outcome: [-1], reward: [-1], score: [5]
2025-10-19 11:21:54,392Z | INFO | Starting episode 261: [terran, zerg] on FindAndDefeatZerglings
2025-10-19 11:21:56,660Z | INFO | Episode 261 finished after 2304 game steps. Outcome: [-1], reward: [-1], score: [7]
2025-10-19 11:21:56,684Z | INFO | Starting episode 262: [terran, zerg] on FindAndDefeatZerglings
2025-10-19 11:21:59,377Z | INFO | Episode 262 finished after 2880 game steps. Outcome: [1], reward: [0], score: [8]
2025-10-19 11:21:59,403Z | INFO | Starting episode 263: [terran, zerg] on FindAndDefeatZerglings
2025-10-19 11:22:02,260Z | INFO | Episode 263 finished after 2880 game steps. Outcome: [1], reward: [0], score: [8]
2025-10-19 11:22:02,291Z | INFO | Starting episode 264: [terran, zerg] on FindAndDefeatZerglings
2025-10-19 11:22:05,025Z | INFO | Episode 264 finished after 2880 game steps. Outcome: [1], reward: [0], score: [10]
2025-10-19 11:22:05,050Z | INFO | Starting episode 265: [terran, zerg] on FindAndDefeatZerglings
2025-10-19 11:22:07,749Z | INFO | Episode 265 finished after 2880 game steps. Outcome: [1], reward: [0], score: [8]
2025-10-19 11:22:07,780Z | INFO | Starting episode 266: [terran, zerg] on FindAndDefeatZerglings
2025-10-19 11:22:10,547Z | INFO | Episode 266 finished after 2880 game steps. Outcome: [1], reward: [0], score: [11]
2025-10-19 11:22:10,573Z | INFO | Starting episode 267: [terran, zerg] on FindAndDefeatZerglings
2025-10-19 11:22:11,640Z | INFO | Episode 267 finished after 1184 game steps. Outcome: [-1], reward: [-1], score: [5]
2025-10-19 11:22:11,663Z | INFO | Starting episode 268: [terran, zerg] on FindAndDefeatZerglings
2025-10-19 11:22:13,701Z | INFO | Episode 268 finished after 2112 game steps. Outcome: [-1], reward: [-1], score: [8]
2025-10-19 11:22:13,725Z | INFO | Starting episode 269: [terran, zerg] on FindAndDefeatZerglings
2025-10-19 11:22:16,573Z | INFO | Episode 269 finished after 2880 game steps. Outcome: [1], reward: [0], score: [8]
2025-10-19 11:22:16,597Z | INFO | Starting episode 270: [terran, zerg] on FindAndDefeatZerglings
2025-10-19 11:22:18,019Z | INFO | Episode 270 finished after 1472 game steps. Outcome: [-1], reward: [-1], score: [5]
2025-10-19 11:22:18,042Z | INFO | Starting episode 271: [terran, zerg] on FindAndDefeatZerglings
2025-10-19 11:22:20,727Z | INFO | Episode 271 finished after 2880 game steps. Outcome: [1], reward: [0], score: [7]
2025-10-19 11:22:20,752Z | INFO | Starting episode 272: [terran, zerg] on FindAndDefeatZerglings
2025-10-19 11:22:22,571Z | INFO | Episode 272 finished after 1936 game steps. Outcome: [-1], reward: [-1], score: [8]
2025-10-19 11:22:22,594Z | INFO | Starting episode 273: [terran, zerg] on FindAndDefeatZerglings
2025-10-19 11:22:24,057Z | INFO | Episode 273 finished after 1520 game steps. Outcome: [-1], reward: [-1], score: [5]
2025-10-19 11:22:24,085Z | INFO | Starting episode 274: [terran, zerg] on FindAndDefeatZerglings
2025-10-19 11:22:26,811Z | INFO | Episode 274 finished after 2880 game steps. Outcome: [1], reward: [0], score: [7]
2025-10-19 11:22:26,837Z | INFO | Starting episode 275: [terran, zerg] on FindAndDefeatZerglings
2025-10-19 11:22:27,296Z | INFO | Episode 275 finished after 464 game steps. Outcome: [-1], reward: [-1], score: [-2]
2025-10-19 11:22:27,320Z | INFO | Starting episode 276: [terran, zerg] on FindAndDefeatZerglings
2025-10-19 11:22:29,456Z | INFO | Episode 276 finished after 2160 game steps. Outcome: [-1], reward: [0], score: [5]
2025-10-19 11:22:29,480Z | INFO | Starting episode 277: [terran, zerg] on FindAndDefeatZerglings
2025-10-19 11:22:31,586Z | INFO | Episode 277 finished after 2192 game steps. Outcome: [-1], reward: [-1], score: [3]
2025-10-19 11:22:31,616Z | INFO | Starting episode 278: [terran, zerg] on FindAndDefeatZerglings
2025-10-19 11:22:34,482Z | INFO | Episode 278 finished after 2880 game steps. Outcome: [1], reward: [0], score: [11]
2025-10-19 11:22:34,508Z | INFO | Starting episode 279: [terran, zerg] on FindAndDefeatZerglings
2025-10-19 11:22:37,237Z | INFO | Episode 279 finished after 2880 game steps. Outcome: [1], reward: [0], score: [9]
2025-10-19 11:22:37,263Z | INFO | Starting episode 280: [terran, zerg] on FindAndDefeatZerglings
2025-10-19 11:22:39,627Z | INFO | Episode 280 finished after 2304 game steps. Outcome: [-1], reward: [-1], score: [6]
2025-10-19 11:22:39,653Z | INFO | Starting episode 281: [terran, zerg] on FindAndDefeatZerglings
2025-10-19 11:22:41,680Z | INFO | Episode 281 finished after 2064 game steps. Outcome: [-1], reward: [-1], score: [5]
2025-10-19 11:22:41,704Z | INFO | Starting episode 282: [terran, zerg] on FindAndDefeatZerglings
2025-10-19 11:22:44,424Z | INFO | Episode 282 finished after 2880 game steps. Outcome: [1], reward: [0], score: [7]
2025-10-19 11:22:44,451Z | INFO | Starting episode 283: [terran, zerg] on FindAndDefeatZerglings
2025-10-19 11:22:46,174Z | INFO | Episode 283 finished after 1760 game steps. Outcome: [-1], reward: [-1], score: [5]
2025-10-19 11:22:46,239Z | INFO | Starting episode 284: [terran, zerg] on FindAndDefeatZerglings
2025-10-19 11:22:47,898Z | INFO | Episode 284 finished after 1696 game steps. Outcome: [-1], reward: [-1], score: [5]
2025-10-19 11:22:47,922Z | INFO | Starting episode 285: [terran, zerg] on FindAndDefeatZerglings
2025-10-19 11:22:50,698Z | INFO | Episode 285 finished after 2880 game steps. Outcome: [1], reward: [0], score: [10]
2025-10-19 11:22:50,722Z | INFO | Starting episode 286: [terran, zerg] on FindAndDefeatZerglings
2025-10-19 11:22:53,392Z | INFO | Episode 286 finished after 2880 game steps. Outcome: [1], reward: [0], score: [10]
2025-10-19 11:22:53,420Z | INFO | Starting episode 287: [terran, zerg] on FindAndDefeatZerglings
2025-10-19 11:22:54,065Z | INFO | Episode 287 finished after 640 game steps. Outcome: [-1], reward: [-1], score: [2]
2025-10-19 11:22:54,087Z | INFO | Starting episode 288: [terran, zerg] on FindAndDefeatZerglings
2025-10-19 11:22:56,709Z | INFO | Episode 288 finished after 2880 game steps. Outcome: [1], reward: [0], score: [13]
2025-10-19 11:22:56,740Z | INFO | Starting episode 289: [terran, zerg] on FindAndDefeatZerglings
2025-10-19 11:22:59,424Z | INFO | Episode 289 finished after 2880 game steps. Outcome: [1], reward: [0], score: [7]
2025-10-19 11:22:59,452Z | INFO | Starting episode 290: [terran, zerg] on FindAndDefeatZerglings
2025-10-19 11:23:02,287Z | INFO | Episode 290 finished after 2880 game steps. Outcome: [1], reward: [0], score: [8]
2025-10-19 11:23:02,312Z | INFO | Starting episode 291: [terran, zerg] on FindAndDefeatZerglings
2025-10-19 11:23:02,796Z | INFO | Episode 291 finished after 560 game steps. Outcome: [-1], reward: [-1], score: [1]
2025-10-19 11:23:02,817Z | INFO | Starting episode 292: [terran, zerg] on FindAndDefeatZerglings
2025-10-19 11:23:05,346Z | INFO | Episode 292 finished after 2880 game steps. Outcome: [1], reward: [0], score: [8]
2025-10-19 11:23:05,374Z | INFO | Starting episode 293: [terran, zerg] on FindAndDefeatZerglings
2025-10-19 11:23:06,177Z | INFO | Episode 293 finished after 912 game steps. Outcome: [-1], reward: [-1], score: [2]
2025-10-19 11:23:06,198Z | INFO | Starting episode 294: [terran, zerg] on FindAndDefeatZerglings
2025-10-19 11:23:08,453Z | INFO | Episode 294 finished after 2592 game steps. Outcome: [-1], reward: [-1], score: [7]
2025-10-19 11:23:08,476Z | INFO | Starting episode 295: [terran, zerg] on FindAndDefeatZerglings
2025-10-19 11:23:09,257Z | INFO | Episode 295 finished after 832 game steps. Outcome: [-1], reward: [-1], score: [2]
2025-10-19 11:23:09,282Z | INFO | Starting episode 296: [terran, zerg] on FindAndDefeatZerglings
2025-10-19 11:23:11,554Z | INFO | Episode 296 finished after 2384 game steps. Outcome: [-1], reward: [-1], score: [6]
2025-10-19 11:23:11,578Z | INFO | Starting episode 297: [terran, zerg] on FindAndDefeatZerglings
2025-10-19 11:23:14,202Z | INFO | Episode 297 finished after 2880 game steps. Outcome: [1], reward: [0], score: [11]
2025-10-19 11:23:14,224Z | INFO | Starting episode 298: [terran, zerg] on FindAndDefeatZerglings
2025-10-19 11:23:15,758Z | INFO | Episode 298 finished after 1552 game steps. Outcome: [-1], reward: [-1], score: [3]
2025-10-19 11:23:15,780Z | INFO | Starting episode 299: [terran, zerg] on FindAndDefeatZerglings
2025-10-19 11:23:16,867Z | INFO | Episode 299 finished after 1232 game steps. Outcome: [-1], reward: [-1], score: [3]
2025-10-19 11:23:16,888Z | INFO | Starting episode 300: [terran, zerg] on FindAndDefeatZerglings
2025-10-19 11:23:18,929Z | INFO | Episode 300 finished after 2432 game steps. Outcome: [-1], reward: [-1], score: [6]
2025-10-19 11:23:18,937Z | INFO | Ep 300: reward=449.85 avg_loss=0.5641 wins=5
2025-10-19 11:23:18,938Z | INFO | LR scheduler step: episode=300, lr=1.000000e-06
2025-10-19 11:23:19,504Z | INFO | Environment Close
2025-10-19 11:23:19,606Z | INFO | Shutdown gracefully.
2025-10-19 11:23:19,607Z | INFO | Shutdown with return code: -15
2025-10-19 11:23:20,310Z | INFO | Launching SC2: /home/jmckerra/StarCraftII/Versions/Base75689/SC2_x64 -listen 127.0.0.1 -port 45543 -dataDir /home/jmckerra/StarCraftII/ -tempDir /tmp/sc-ql8vx96r/
2025-10-19 11:23:20,470Z | INFO | Connecting to: ws://127.0.0.1:45543/sc2api, attempt: 0, running: True
2025-10-19 11:23:21,472Z | INFO | Connecting to: ws://127.0.0.1:45543/sc2api, attempt: 1, running: True
2025-10-19 11:23:22,474Z | INFO | Connecting to: ws://127.0.0.1:45543/sc2api, attempt: 2, running: True
2025-10-19 11:23:27,129Z | INFO | Environment is ready
2025-10-19 11:23:27,130Z | INFO | Starting episode 1: [terran, zerg] on FindAndDefeatZerglings
2025-10-19 11:23:28,324Z | INFO | Episode 1 finished after 2880 game steps. Outcome: [1], reward: [0], score: [0]
2025-10-19 11:23:28,337Z | INFO | Starting episode 2: [terran, zerg] on FindAndDefeatZerglings
2025-10-19 11:23:29,362Z | INFO | Episode 2 finished after 2880 game steps. Outcome: [1], reward: [0], score: [-1]
2025-10-19 11:23:29,374Z | INFO | Starting episode 3: [terran, zerg] on FindAndDefeatZerglings
2025-10-19 11:23:30,421Z | INFO | Episode 3 finished after 2880 game steps. Outcome: [1], reward: [0], score: [1]
2025-10-19 11:23:30,438Z | INFO | Starting episode 4: [terran, zerg] on FindAndDefeatZerglings
2025-10-19 11:23:31,452Z | INFO | Episode 4 finished after 2880 game steps. Outcome: [1], reward: [0], score: [0]
2025-10-19 11:23:31,466Z | INFO | Starting episode 5: [terran, zerg] on FindAndDefeatZerglings
2025-10-19 11:23:32,452Z | INFO | Episode 5 finished after 2880 game steps. Outcome: [1], reward: [0], score: [0]
2025-10-19 11:23:32,452Z | INFO | Environment Close
2025-10-19 11:23:32,553Z | INFO | Shutdown gracefully.
2025-10-19 11:23:32,554Z | INFO | Shutdown with return code: -15
2025-10-19 11:23:32,555Z | INFO | Test completed: win_rate=20.00% avg_reward=0.00 wins=1/5
2025-10-19 11:23:32,559Z | INFO | Wrote test results JSON to /depot/sbagchi/data/josh/RL/FindAndDefeatZerglings/results_split_advanced/20251019_151225_E1_seed8/eval/test_results.json
2025-10-19 11:23:32,559Z | INFO | Environment Close
2025-10-19 11:23:33,456Z | INFO | Environment Close
